2025-06-09 00:00:00,705 [ERROR] LogOutputStream:75 - [STDERR_REDIRECT] [Fatal Error] :1:1: Premature end of file.
2025-06-09 00:00:00,751 [ERROR] LogOutputStream:75 - [STDERR_REDIRECT] 
2025-06-09 00:00:01,705 [ERROR] LogOutputStream:75 - [STDERR_REDIRECT] [Fatal Error] :1:1: Premature end of file.
2025-06-09 00:00:01,705 [ERROR] LogOutputStream:75 - [STDERR_REDIRECT] 
2025-06-09 00:00:02,705 [ERROR] LogOutputStream:75 - [STDERR_REDIRECT] [Fatal Error] :1:1: Premature end of file.
2025-06-09 00:00:02,705 [ERROR] LogOutputStream:75 - [STDERR_REDIRECT] 
2025-06-09 00:00:03,707 [ERROR] LogOutputStream:75 - [STDERR_REDIRECT] [Fatal Error] :1:1: Premature end of file.
2025-06-09 00:00:03,707 [ERROR] LogOutputStream:75 - [STDERR_REDIRECT] 
2025-06-09 00:00:04,710 [ERROR] LogOutputStream:75 - [STDERR_REDIRECT] [Fatal Error] :1:1: Premature end of file.
2025-06-09 00:00:04,711 [ERROR] LogOutputStream:75 - [STDERR_REDIRECT] 
2025-06-09 00:00:05,705 [ERROR] LogOutputStream:75 - [STDERR_REDIRECT] [Fatal Error] :1:1: Premature end of file.
2025-06-09 00:00:05,705 [ERROR] LogOutputStream:75 - [STDERR_REDIRECT] 
2025-06-09 00:00:06,705 [ERROR] LogOutputStream:75 - [STDERR_REDIRECT] [Fatal Error] :1:1: Premature end of file.
2025-06-09 00:00:06,705 [ERROR] LogOutputStream:75 - [STDERR_REDIRECT] 
2025-06-09 00:00:07,706 [ERROR] LogOutputStream:75 - [STDERR_REDIRECT] [Fatal Error] :1:1: Premature end of file.
2025-06-09 00:00:07,706 [ERROR] LogOutputStream:75 - [STDERR_REDIRECT] 
2025-06-09 00:00:08,704 [ERROR] LogOutputStream:75 - [STDERR_REDIRECT] [Fatal Error] :1:1: Premature end of file.
2025-06-09 00:00:08,704 [ERROR] LogOutputStream:75 - [STDERR_REDIRECT] 
2025-06-09 00:00:09,706 [ERROR] LogOutputStream:75 - [STDERR_REDIRECT] [Fatal Error] :1:1: Premature end of file.
2025-06-09 00:00:09,706 [ERROR] LogOutputStream:75 - [STDERR_REDIRECT] 
2025-06-09 00:00:10,704 [ERROR] LogOutputStream:75 - [STDERR_REDIRECT] [Fatal Error] :1:1: Premature end of file.
2025-06-09 00:00:10,704 [ERROR] LogOutputStream:75 - [STDERR_REDIRECT] 
2025-06-09 00:00:11,706 [ERROR] LogOutputStream:75 - [STDERR_REDIRECT] [Fatal Error] :1:1: Premature end of file.
2025-06-09 00:00:11,706 [ERROR] LogOutputStream:75 - [STDERR_REDIRECT] 
2025-06-09 00:00:12,705 [ERROR] LogOutputStream:75 - [STDERR_REDIRECT] [Fatal Error] :1:1: Premature end of file.
2025-06-09 00:00:12,705 [ERROR] LogOutputStream:75 - [STDERR_REDIRECT] 
2025-06-09 00:00:13,705 [ERROR] LogOutputStream:75 - [STDERR_REDIRECT] [Fatal Error] :1:1: Premature end of file.
2025-06-09 00:00:13,705 [ERROR] LogOutputStream:75 - [STDERR_REDIRECT] 
2025-06-09 00:00:14,706 [ERROR] LogOutputStream:75 - [STDERR_REDIRECT] [Fatal Error] :1:1: Premature end of file.
2025-06-09 00:00:14,706 [ERROR] LogOutputStream:75 - [STDERR_REDIRECT] 
2025-06-09 00:00:15,710 [ERROR] LogOutputStream:75 - [STDERR_REDIRECT] [Fatal Error] :1:1: Premature end of file.
2025-06-09 00:00:15,710 [ERROR] LogOutputStream:75 - [STDERR_REDIRECT] 
2025-06-09 00:00:16,718 [ERROR] LogOutputStream:75 - [STDERR_REDIRECT] [Fatal Error] :1:1: Premature end of file.
2025-06-09 00:00:16,719 [ERROR] LogOutputStream:75 - [STDERR_REDIRECT] 
2025-06-09 00:00:17,705 [ERROR] LogOutputStream:75 - [STDERR_REDIRECT] [Fatal Error] :1:1: Premature end of file.
2025-06-09 00:00:17,705 [ERROR] LogOutputStream:75 - [STDERR_REDIRECT] 
2025-06-09 00:00:18,706 [ERROR] LogOutputStream:75 - [STDERR_REDIRECT] [Fatal Error] :1:1: Premature end of file.
2025-06-09 00:00:18,706 [ERROR] LogOutputStream:75 - [STDERR_REDIRECT] 
2025-06-09 00:00:19,704 [ERROR] LogOutputStream:75 - [STDERR_REDIRECT] [Fatal Error] :1:1: Premature end of file.
2025-06-09 00:00:19,704 [ERROR] LogOutputStream:75 - [STDERR_REDIRECT] 
2025-06-09 00:00:20,706 [ERROR] LogOutputStream:75 - [STDERR_REDIRECT] [Fatal Error] :1:1: Premature end of file.
2025-06-09 00:00:20,706 [ERROR] LogOutputStream:75 - [STDERR_REDIRECT] 
2025-06-09 00:00:21,703 [ERROR] LogOutputStream:75 - [STDERR_REDIRECT] [Fatal Error] :1:1: Premature end of file.
2025-06-09 00:00:21,703 [ERROR] LogOutputStream:75 - [STDERR_REDIRECT] 
2025-06-09 00:00:22,705 [ERROR] LogOutputStream:75 - [STDERR_REDIRECT] [Fatal Error] :1:1: Premature end of file.
2025-06-09 00:00:22,705 [ERROR] LogOutputStream:75 - [STDERR_REDIRECT] 
2025-06-09 00:00:23,706 [ERROR] LogOutputStream:75 - [STDERR_REDIRECT] [Fatal Error] :1:1: Premature end of file.
2025-06-09 00:00:23,706 [ERROR] LogOutputStream:75 - [STDERR_REDIRECT] 
2025-06-09 00:00:24,705 [ERROR] LogOutputStream:75 - [STDERR_REDIRECT] [Fatal Error] :1:1: Premature end of file.
2025-06-09 00:00:24,705 [ERROR] LogOutputStream:75 - [STDERR_REDIRECT] 
2025-06-09 00:00:25,706 [ERROR] LogOutputStream:75 - [STDERR_REDIRECT] [Fatal Error] :1:1: Premature end of file.
2025-06-09 00:00:25,706 [ERROR] LogOutputStream:75 - [STDERR_REDIRECT] 
2025-06-09 00:00:26,712 [ERROR] LogOutputStream:75 - [STDERR_REDIRECT] [Fatal Error] :1:1: Premature end of file.
2025-06-09 00:00:26,713 [ERROR] LogOutputStream:75 - [STDERR_REDIRECT] 
2025-06-09 00:00:27,719 [ERROR] LogOutputStream:75 - [STDERR_REDIRECT] [Fatal Error] :1:1: Premature end of file.
2025-06-09 00:00:27,719 [ERROR] LogOutputStream:75 - [STDERR_REDIRECT] 
2025-06-09 00:00:28,704 [ERROR] LogOutputStream:75 - [STDERR_REDIRECT] [Fatal Error] :1:1: Premature end of file.
2025-06-09 00:00:28,704 [ERROR] LogOutputStream:75 - [STDERR_REDIRECT] 
2025-06-09 00:00:29,704 [ERROR] LogOutputStream:75 - [STDERR_REDIRECT] [Fatal Error] :1:1: Premature end of file.
2025-06-09 00:00:29,704 [ERROR] LogOutputStream:75 - [STDERR_REDIRECT] 
2025-06-09 00:00:30,706 [ERROR] LogOutputStream:75 - [STDERR_REDIRECT] [Fatal Error] :1:1: Premature end of file.
2025-06-09 00:00:30,706 [ERROR] LogOutputStream:75 - [STDERR_REDIRECT] 
2025-06-09 00:00:31,707 [ERROR] LogOutputStream:75 - [STDERR_REDIRECT] [Fatal Error] :1:1: Premature end of file.
2025-06-09 00:00:31,707 [ERROR] LogOutputStream:75 - [STDERR_REDIRECT] 
2025-06-09 00:00:32,715 [ERROR] LogOutputStream:75 - [STDERR_REDIRECT] [Fatal Error] :1:1: Premature end of file.
2025-06-09 00:00:32,715 [ERROR] LogOutputStream:75 - [STDERR_REDIRECT] 
2025-06-09 00:00:33,705 [ERROR] LogOutputStream:75 - [STDERR_REDIRECT] [Fatal Error] :1:1: Premature end of file.
2025-06-09 00:00:33,706 [ERROR] LogOutputStream:75 - [STDERR_REDIRECT] 
2025-06-09 00:00:34,705 [ERROR] LogOutputStream:75 - [STDERR_REDIRECT] [Fatal Error] :1:1: Premature end of file.
2025-06-09 00:00:34,705 [ERROR] LogOutputStream:75 - [STDERR_REDIRECT] 
2025-06-09 00:00:35,707 [ERROR] LogOutputStream:75 - [STDERR_REDIRECT] [Fatal Error] :1:1: Premature end of file.
2025-06-09 00:00:35,707 [ERROR] LogOutputStream:75 - [STDERR_REDIRECT] 
2025-06-09 00:00:36,707 [ERROR] LogOutputStream:75 - [STDERR_REDIRECT] [Fatal Error] :1:1: Premature end of file.
2025-06-09 00:00:36,707 [ERROR] LogOutputStream:75 - [STDERR_REDIRECT] 
2025-06-09 00:00:37,718 [ERROR] LogOutputStream:75 - [STDERR_REDIRECT] [Fatal Error] :1:1: Premature end of file.
2025-06-09 00:00:37,718 [ERROR] LogOutputStream:75 - [STDERR_REDIRECT] 
2025-06-09 00:00:38,710 [ERROR] LogOutputStream:75 - [STDERR_REDIRECT] [Fatal Error] :1:1: Premature end of file.
2025-06-09 00:00:38,710 [ERROR] LogOutputStream:75 - [STDERR_REDIRECT] 
2025-06-09 00:00:39,706 [ERROR] LogOutputStream:75 - [STDERR_REDIRECT] [Fatal Error] :1:1: Premature end of file.
2025-06-09 00:00:39,706 [ERROR] LogOutputStream:75 - [STDERR_REDIRECT] 
2025-06-09 00:00:40,705 [ERROR] LogOutputStream:75 - [STDERR_REDIRECT] [Fatal Error] :1:1: Premature end of file.
2025-06-09 00:00:40,705 [ERROR] LogOutputStream:75 - [STDERR_REDIRECT] 
2025-06-09 00:00:41,707 [ERROR] LogOutputStream:75 - [STDERR_REDIRECT] [Fatal Error] :1:1: Premature end of file.
2025-06-09 00:00:41,707 [ERROR] LogOutputStream:75 - [STDERR_REDIRECT] 
2025-06-09 00:00:41,825 [ERROR] LogOutputStream:75 - [STDERR_REDIRECT] 
2025-06-09 00:00:41,825 [ERROR] LogOutputStream:75 - [STDERR_REDIRECT] 
2025-06-09 13:10:42,776 [INFO] Activator:176 - 


2025-06-09 13:10:42,778 [INFO] Activator:177 - !SESSION log4j initialized
2025-06-09 13:10:46,148 [INFO] LogOutputStream:77 - [STDOUT_REDIRECT] 
2025-06-09 13:10:47,910 [INFO] ApplicationProperties:184 - Using Application install path: D:\Engineering\ST\STM32CubeIDE_1.18.1\STM32CubeIDE\plugins\com.st.stm32cube.common.mx_6.14.1.202504091515
2025-06-09 13:10:47,936 [INFO] DbMcusXml:78 - Set database path to: D:\Engineering\ST\STM32CubeIDE_1.18.1\STM32CubeIDE\plugins\com.st.stm32cube.common.mx_6.14.1.202504091515\\db\/mcu/
2025-06-09 13:10:47,936 [INFO] ApiDb:274 - Set plugin database path to: D:\Engineering\ST\STM32CubeIDE_1.18.1\STM32CubeIDE\plugins\com.st.stm32cube.common.mx_6.14.1.202504091515\\db\/plugins/boardmanager/
2025-06-09 13:10:47,936 [WARN] ApiDb:259 - Overriding images path with different value:  => D:\Engineering\ST\STM32CubeIDE_1.18.1\STM32CubeIDE\plugins\com.st.stm32cube.common.mx_6.14.1.202504091515\\db\/plugins/mcufinder/images/
2025-06-09 13:10:47,947 [INFO] ApiDb:250 - Set database path to: C:\Users\kyrio\.stmcufinder\plugins\mcufinder//mcu/
2025-06-09 13:10:47,948 [INFO] DbMcusAds:125 - Set database path to: C:\Users\kyrio\.stmcufinder\plugins\mcufinder//mcu/
2025-06-09 13:10:47,949 [INFO] CrossReferenceDbSqlite:203 - Set database path to: C:\Users\kyrio\.stmcufinder\plugins\mcufinder//mcu/cs/
2025-06-09 13:10:48,035 [INFO] RulesReader:64 - Compatibility file has been processed (302 Rules)
2025-06-09 13:10:48,113 [INFO] DbMcusXml:78 - Set database path to: D:\Engineering\ST\STM32CubeIDE_1.18.1\STM32CubeIDE\plugins\com.st.stm32cube.common.mx_6.14.1.202504091515\\db\/mcu/
2025-06-09 13:10:48,113 [INFO] ApiDb:274 - Set plugin database path to: D:\Engineering\ST\STM32CubeIDE_1.18.1\STM32CubeIDE\plugins\com.st.stm32cube.common.mx_6.14.1.202504091515\\db\/plugins/boardmanager/
2025-06-09 13:10:48,113 [INFO] ApiDb:261 - Set plugin images path to: D:\Engineering\ST\STM32CubeIDE_1.18.1\STM32CubeIDE\plugins\com.st.stm32cube.common.mx_6.14.1.202504091515\\db\/plugins/mcufinder/images/
2025-06-09 13:10:48,113 [WARN] DbFile:41 - Overriding database path with different value: C:\Users\kyrio\.stmcufinder\plugins\mcufinder/ => C:\Users\kyrio\.stmcufinder\plugins\mcufinder
2025-06-09 13:10:48,113 [INFO] ApiDb:250 - Set database path to: C:\Users\kyrio\.stmcufinder\plugins\mcufinder//mcu/
2025-06-09 13:10:48,113 [WARN] DbFile:41 - Overriding database path with different value: C:\Users\kyrio\.stmcufinder\plugins\mcufinder/ => C:\Users\kyrio\.stmcufinder\plugins\mcufinder
2025-06-09 13:10:48,114 [INFO] DbMcusAds:125 - Set database path to: C:\Users\kyrio\.stmcufinder\plugins\mcufinder//mcu/
2025-06-09 13:10:48,114 [WARN] DbFile:41 - Overriding database path with different value: C:\Users\kyrio\.stmcufinder\plugins\mcufinder/ => C:\Users\kyrio\.stmcufinder\plugins\mcufinder
2025-06-09 13:10:48,114 [WARN] DbFile:41 - Overriding database path with different value: C:\Users\kyrio\.stmcufinder\plugins\mcufinder/ => C:\Users\kyrio\.stmcufinder\plugins\mcufinder
2025-06-09 13:10:48,114 [INFO] CrossReferenceDbSqlite:203 - Set database path to: C:\Users\kyrio\.stmcufinder\plugins\mcufinder//mcu/cs/
2025-06-09 13:10:48,180 [INFO] MainPanel:272 - HeapMemory: 268435456
2025-06-09 13:10:48,312 [INFO] DbMcusXml:78 - Set database path to: D:\Engineering\ST\STM32CubeIDE_1.18.1\STM32CubeIDE\plugins\com.st.stm32cube.common.mx_6.14.1.202504091515\\db\/mcu/
2025-06-09 13:10:48,312 [INFO] ApiDb:274 - Set plugin database path to: D:\Engineering\ST\STM32CubeIDE_1.18.1\STM32CubeIDE\plugins\com.st.stm32cube.common.mx_6.14.1.202504091515\\db\/plugins/boardmanager/
2025-06-09 13:10:48,312 [INFO] ApiDb:261 - Set plugin images path to: D:\Engineering\ST\STM32CubeIDE_1.18.1\STM32CubeIDE\plugins\com.st.stm32cube.common.mx_6.14.1.202504091515\\db\/plugins/mcufinder/images/
2025-06-09 13:10:48,312 [WARN] DbFile:41 - Overriding database path with different value: C:\Users\kyrio\.stmcufinder\plugins\mcufinder/ => C:\Users\kyrio\.stmcufinder\plugins\mcufinder
2025-06-09 13:10:48,312 [INFO] ApiDb:250 - Set database path to: C:\Users\kyrio\.stmcufinder\plugins\mcufinder//mcu/
2025-06-09 13:10:48,312 [WARN] DbFile:41 - Overriding database path with different value: C:\Users\kyrio\.stmcufinder\plugins\mcufinder/ => C:\Users\kyrio\.stmcufinder\plugins\mcufinder
2025-06-09 13:10:48,312 [INFO] DbMcusAds:125 - Set database path to: C:\Users\kyrio\.stmcufinder\plugins\mcufinder//mcu/
2025-06-09 13:10:48,312 [WARN] DbFile:41 - Overriding database path with different value: C:\Users\kyrio\.stmcufinder\plugins\mcufinder/ => C:\Users\kyrio\.stmcufinder\plugins\mcufinder
2025-06-09 13:10:48,312 [WARN] DbFile:41 - Overriding database path with different value: C:\Users\kyrio\.stmcufinder\plugins\mcufinder/ => C:\Users\kyrio\.stmcufinder\plugins\mcufinder
2025-06-09 13:10:48,313 [INFO] CrossReferenceDbSqlite:203 - Set database path to: C:\Users\kyrio\.stmcufinder\plugins\mcufinder//mcu/cs/
2025-06-09 13:10:48,331 [INFO] ApplicationProperties:184 - Using Application install path: D:\Engineering\ST\STM32CubeIDE_1.18.1\STM32CubeIDE\plugins\com.st.stm32cube.common.mx_6.14.1.202504091515
2025-06-09 13:10:48,333 [INFO] PluginManage:196 - Search for loadable plugins [exclusion list=, ]
2025-06-09 13:10:48,336 [INFO] PluginManage:310 - Check plugin analytics
2025-06-09 13:10:48,497 [INFO] AnalyticsPlugin:253 - Accepted Software Licenses: STM32CubeMX.6.14.1
2025-06-09 13:10:48,498 [INFO] AnalyticsPlugin:255 - Accepted CMSIS Pack Licenses: 
2025-06-09 13:10:48,498 [INFO] AnalyticsPlugin:257 - Accepted Firmware Licenses: 
2025-06-09 13:10:48,498 [INFO] PluginManage:359 - Loaded plugin analytics (category:tool,tabindex:-1)
2025-06-09 13:10:48,499 [INFO] PluginManage:310 - Check plugin cadmodel
2025-06-09 13:10:48,514 [INFO] CADModel:105 - Init CAD model plugin
2025-06-09 13:10:48,515 [INFO] PluginManage:359 - Loaded plugin cadmodel (category:power,tabindex:5)
2025-06-09 13:10:48,515 [INFO] PluginManage:310 - Check plugin clock
2025-06-09 13:10:48,533 [INFO] PluginManage:359 - Loaded plugin clock (category:base,tabindex:2)
2025-06-09 13:10:48,533 [INFO] PluginManage:310 - Check plugin ddr
2025-06-09 13:10:48,536 [INFO] PluginManage:359 - Loaded plugin ddr (category:tool,tabindex:6)
2025-06-09 13:10:48,536 [INFO] PluginManage:310 - Check plugin filemanager
2025-06-09 13:10:48,648 [INFO] PluginManage:359 - Loaded plugin filemanager (category:base,tabindex:10)
2025-06-09 13:10:48,648 [INFO] PluginManage:310 - Check plugin ipmanager
2025-06-09 13:10:48,655 [INFO] PluginManage:359 - Loaded plugin ipmanager (category:base,tabindex:5)
2025-06-09 13:10:48,655 [INFO] PluginManage:310 - Check plugin lpbam
2025-06-09 13:10:48,674 [INFO] PluginManage:359 - Loaded plugin lpbam (category:base,tabindex:0)
2025-06-09 13:10:48,674 [INFO] PluginManage:310 - Check plugin memorymap
2025-06-09 13:10:48,694 [INFO] PluginManage:359 - Loaded plugin memorymap (category:base,tabindex:4)
2025-06-09 13:10:48,694 [INFO] PluginManage:310 - Check plugin pinoutandconfiguration
2025-06-09 13:10:48,710 [INFO] PluginManage:359 - Loaded plugin pinoutandconfiguration (category:base,tabindex:1)
2025-06-09 13:10:48,710 [INFO] PluginManage:310 - Check plugin pinoutconfig
2025-06-09 13:10:48,782 [WARN] SupportedApi:132 - Cannot load RTOS API schema: s4s-elt-must-match.1: The content of 'definitions' must match (annotation?, (simpleType | complexType)?, (unique | key | keyref)*)). A problem was found starting at: attribute.
2025-06-09 13:10:48,883 [INFO] PluginManage:359 - Loaded plugin pinoutconfig (category:base,tabindex:0)
2025-06-09 13:10:48,883 [INFO] PluginManage:310 - Check plugin power
2025-06-09 13:10:48,900 [INFO] PluginManage:359 - Loaded plugin power (category:power,tabindex:4)
2025-06-09 13:10:48,900 [INFO] PluginManage:310 - Check plugin projectmanager
2025-06-09 13:10:48,914 [INFO] PluginManage:359 - Loaded plugin projectmanager (category:projectmanager,tabindex:4)
2025-06-09 13:10:48,923 [INFO] PluginManage:310 - Check plugin rif
2025-06-09 13:10:48,939 [INFO] PluginManage:359 - Loaded plugin rif (category:base,tabindex:3)
2025-06-09 13:10:48,939 [INFO] PluginManage:310 - Check plugin thirdparty
2025-06-09 13:10:49,172 [INFO] PluginManage:359 - Loaded plugin thirdparty (category:base,tabindex:-1)
2025-06-09 13:10:49,172 [WARN] IntegrityCheckThread:84 - waiting for thirdparty lock release [integrity check]
2025-06-09 13:10:49,172 [INFO] PluginManage:310 - Check plugin tools
2025-06-09 13:10:49,172 [INFO] IntegrityCheckThread:86 - entering critical section [integrity check]
2025-06-09 13:10:49,173 [INFO] ThirdPartyUpdaterWithRetryManager:70 - Updater plugin not ready yet. [1/15]
2025-06-09 13:10:49,205 [INFO] PluginManage:359 - Loaded plugin tools (category:base,tabindex:7)
2025-06-09 13:10:49,205 [INFO] PluginManage:310 - Check plugin tutovideos
2025-06-09 13:10:49,353 [INFO] PluginManage:359 - Loaded plugin tutovideos (category:base,tabindex:-1)
2025-06-09 13:10:49,353 [INFO] PluginManage:310 - Check plugin updater
2025-06-09 13:10:49,389 [INFO] PluginManage:359 - Loaded plugin updater (category:base,tabindex:12)
2025-06-09 13:10:49,389 [INFO] PluginManage:310 - Check plugin userauth
2025-06-09 13:10:49,397 [INFO] UserAuth:118 - Init User Auth plugin
2025-06-09 13:10:49,399 [INFO] PluginManage:359 - Loaded plugin userauth (category:base,tabindex:14)
2025-06-09 13:10:49,400 [INFO] PluginManage:283 - PluginManage : Loaded plugins [18]
2025-06-09 13:10:49,594 [INFO] PinOutPanel:1589 - setPackage(No Configuration,No Configuration)
2025-06-09 13:10:49,674 [INFO] CADModel:165 - CPN selected for project level
2025-06-09 13:10:49,674 [INFO] CADModel:114 - Register for checkConnection events
2025-06-09 13:10:49,705 [INFO] IPUIPlugin:80 - create IPUIPlugin
2025-06-09 13:10:49,705 [INFO] PluginManager:220 - loadIPPluginJar : add adc
2025-06-09 13:10:49,750 [INFO] IPUIPlugin:80 - create IPUIPlugin
2025-06-09 13:10:49,750 [INFO] PluginManager:220 - loadIPPluginJar : add aes
2025-06-09 13:10:49,798 [INFO] IPUIPlugin:80 - create IPUIPlugin
2025-06-09 13:10:49,799 [INFO] PluginManager:220 - loadIPPluginJar : add can
2025-06-09 13:10:49,823 [INFO] IPUIPlugin:80 - create IPUIPlugin
2025-06-09 13:10:49,824 [INFO] PluginManager:220 - loadIPPluginJar : add comp
2025-06-09 13:10:49,852 [INFO] IPUIPlugin:80 - create IPUIPlugin
2025-06-09 13:10:49,852 [INFO] PluginManager:220 - loadIPPluginJar : add cryp
2025-06-09 13:10:49,863 [INFO] IPUIPlugin:80 - create IPUIPlugin
2025-06-09 13:10:49,863 [INFO] PluginManager:220 - loadIPPluginJar : add ddr_ctrl_phy
2025-06-09 13:10:49,891 [INFO] IPUIPlugin:80 - create IPUIPlugin
2025-06-09 13:10:49,891 [INFO] PluginManager:220 - loadIPPluginJar : add dfsdm
2025-06-09 13:10:49,903 [INFO] IPUIPlugin:80 - create IPUIPlugin
2025-06-09 13:10:49,903 [INFO] PluginManager:220 - loadIPPluginJar : add dma
2025-06-09 13:10:49,941 [INFO] IPUIPlugin:80 - create IPUIPlugin
2025-06-09 13:10:49,941 [INFO] PluginManager:220 - loadIPPluginJar : add dma3
2025-06-09 13:10:49,981 [INFO] IPUIPlugin:80 - create IPUIPlugin
2025-06-09 13:10:49,981 [INFO] PluginManager:220 - loadIPPluginJar : add extmemmanager
2025-06-09 13:10:50,004 [INFO] IPUIPlugin:80 - create IPUIPlugin
2025-06-09 13:10:50,004 [INFO] PluginManager:220 - loadIPPluginJar : add fatfs
2025-06-09 13:10:50,049 [INFO] IPUIPlugin:80 - create IPUIPlugin
2025-06-09 13:10:50,050 [INFO] PluginManager:220 - loadIPPluginJar : add fmc
2025-06-09 13:10:50,065 [INFO] IPUIPlugin:80 - create IPUIPlugin
2025-06-09 13:10:50,065 [INFO] PluginManager:220 - loadIPPluginJar : add freertos
2025-06-09 13:10:50,091 [INFO] IPUIPlugin:80 - create IPUIPlugin
2025-06-09 13:10:50,091 [INFO] PluginManager:220 - loadIPPluginJar : add genericplugin
2025-06-09 13:10:50,177 [INFO] IPUIPlugin:80 - create IPUIPlugin
2025-06-09 13:10:50,177 [INFO] PluginManager:220 - loadIPPluginJar : add gfxmmu
2025-06-09 13:10:50,287 [INFO] IPUIPlugin:80 - create IPUIPlugin
2025-06-09 13:10:50,287 [INFO] PluginManager:220 - loadIPPluginJar : add gic
2025-06-09 13:10:50,299 [INFO] IPUIPlugin:80 - create IPUIPlugin
2025-06-09 13:10:50,299 [INFO] PluginManager:220 - loadIPPluginJar : add gpio
2025-06-09 13:10:50,380 [INFO] IPUIPlugin:80 - create IPUIPlugin
2025-06-09 13:10:50,380 [INFO] PluginManager:220 - loadIPPluginJar : add gtzc
2025-06-09 13:10:50,416 [INFO] IPUIPlugin:80 - create IPUIPlugin
2025-06-09 13:10:50,417 [INFO] PluginManager:220 - loadIPPluginJar : add hash
2025-06-09 13:10:50,478 [INFO] IPUIPlugin:80 - create IPUIPlugin
2025-06-09 13:10:50,478 [INFO] PluginManager:220 - loadIPPluginJar : add i2c
2025-06-09 13:10:50,516 [INFO] IPUIPlugin:80 - create IPUIPlugin
2025-06-09 13:10:50,516 [INFO] PluginManager:220 - loadIPPluginJar : add i2s
2025-06-09 13:10:50,554 [INFO] IPUIPlugin:80 - create IPUIPlugin
2025-06-09 13:10:50,555 [INFO] PluginManager:220 - loadIPPluginJar : add i3c
2025-06-09 13:10:50,637 [INFO] IPUIPlugin:80 - create IPUIPlugin
2025-06-09 13:10:50,637 [INFO] PluginManager:220 - loadIPPluginJar : add ipddr
2025-06-09 13:10:50,721 [INFO] IPUIPlugin:80 - create IPUIPlugin
2025-06-09 13:10:50,722 [INFO] PluginManager:220 - loadIPPluginJar : add linkedlist
2025-06-09 13:10:50,757 [INFO] IPUIPlugin:80 - create IPUIPlugin
2025-06-09 13:10:50,757 [INFO] PluginManager:220 - loadIPPluginJar : add lorawan
2025-06-09 13:10:50,790 [INFO] IPUIPlugin:80 - create IPUIPlugin
2025-06-09 13:10:50,791 [INFO] PluginManager:220 - loadIPPluginJar : add ltdc
2025-06-09 13:10:50,805 [INFO] IPUIPlugin:80 - create IPUIPlugin
2025-06-09 13:10:50,806 [INFO] PluginManager:220 - loadIPPluginJar : add mdma
2025-06-09 13:10:50,816 [INFO] IPUIPlugin:80 - create IPUIPlugin
2025-06-09 13:10:50,816 [INFO] PluginManager:220 - loadIPPluginJar : add nvic
2025-06-09 13:10:50,849 [INFO] IPUIPlugin:80 - create IPUIPlugin
2025-06-09 13:10:50,849 [INFO] PluginManager:220 - loadIPPluginJar : add opamp
2025-06-09 13:10:50,901 [INFO] IPUIPlugin:80 - create IPUIPlugin
2025-06-09 13:10:50,902 [INFO] PluginManager:220 - loadIPPluginJar : add openamp
2025-06-09 13:10:50,944 [INFO] IPUIPlugin:80 - create IPUIPlugin
2025-06-09 13:10:50,944 [INFO] PluginManager:220 - loadIPPluginJar : add pdm2pcm
2025-06-09 13:10:50,957 [INFO] IPUIPlugin:80 - create IPUIPlugin
2025-06-09 13:10:50,959 [INFO] PluginManager:220 - loadIPPluginJar : add plateformsettings
2025-06-09 13:10:50,980 [INFO] IPUIPlugin:80 - create IPUIPlugin
2025-06-09 13:10:50,980 [INFO] PluginManager:220 - loadIPPluginJar : add quadspi
2025-06-09 13:10:51,007 [INFO] IPUIPlugin:80 - create IPUIPlugin
2025-06-09 13:10:51,008 [INFO] PluginManager:220 - loadIPPluginJar : add radio
2025-06-09 13:10:51,018 [INFO] IPUIPlugin:80 - create IPUIPlugin
2025-06-09 13:10:51,018 [INFO] PluginManager:220 - loadIPPluginJar : add resmgrutility
2025-06-09 13:10:51,060 [INFO] IPUIPlugin:80 - create IPUIPlugin
2025-06-09 13:10:51,060 [INFO] PluginManager:220 - loadIPPluginJar : add sai
2025-06-09 13:10:51,095 [INFO] IPUIPlugin:80 - create IPUIPlugin
2025-06-09 13:10:51,095 [INFO] PluginManager:220 - loadIPPluginJar : add spi
2025-06-09 13:10:51,158 [INFO] IPUIPlugin:80 - create IPUIPlugin
2025-06-09 13:10:51,158 [INFO] PluginManager:220 - loadIPPluginJar : add stm32_wpan
2025-06-09 13:10:51,180 [INFO] IPUIPlugin:80 - create IPUIPlugin
2025-06-09 13:10:51,180 [INFO] PluginManager:220 - loadIPPluginJar : add tim
2025-06-09 13:10:51,272 [INFO] IPUIPlugin:80 - create IPUIPlugin
2025-06-09 13:10:51,273 [INFO] PluginManager:220 - loadIPPluginJar : add touchsensing
2025-06-09 13:10:51,298 [INFO] IPUIPlugin:80 - create IPUIPlugin
2025-06-09 13:10:51,298 [INFO] PluginManager:220 - loadIPPluginJar : add tracer_emb
2025-06-09 13:10:51,321 [INFO] IPUIPlugin:80 - create IPUIPlugin
2025-06-09 13:10:51,321 [INFO] PluginManager:220 - loadIPPluginJar : add ts
2025-06-09 13:10:51,347 [INFO] IPUIPlugin:80 - create IPUIPlugin
2025-06-09 13:10:51,347 [INFO] PluginManager:220 - loadIPPluginJar : add tsc
2025-06-09 13:10:51,368 [INFO] IPUIPlugin:80 - create IPUIPlugin
2025-06-09 13:10:51,368 [INFO] PluginManager:220 - loadIPPluginJar : add ucpd
2025-06-09 13:10:51,408 [INFO] IPUIPlugin:80 - create IPUIPlugin
2025-06-09 13:10:51,408 [INFO] PluginManager:220 - loadIPPluginJar : add usart
2025-06-09 13:10:51,448 [INFO] IPUIPlugin:80 - create IPUIPlugin
2025-06-09 13:10:51,448 [INFO] PluginManager:220 - loadIPPluginJar : add usbx
2025-06-09 13:10:51,562 [FATAL] Updater:351 - Updater called before beeing initialized
2025-06-09 13:10:51,577 [INFO] RulesReader:64 - Compatibility file has been processed (302 Rules)
2025-06-09 13:10:51,584 [INFO] RulesReader:64 - Compatibility file has been processed (302 Rules)
2025-06-09 13:10:51,591 [INFO] CADModel:165 - CPN selected for project level
2025-06-09 13:10:51,592 [INFO] CADModel:114 - Register for checkConnection events
2025-06-09 13:10:51,592 [FATAL] Updater:351 - Updater called before beeing initialized
2025-06-09 13:10:51,592 [ERROR] CADModel:125 - Updater not yet initialized, retry later 
2025-06-09 13:10:51,703 [FATAL] Updater:351 - Updater called before beeing initialized
2025-06-09 13:10:51,704 [INFO] CADModel:165 - CPN selected for project level
2025-06-09 13:10:51,704 [INFO] CADModel:114 - Register for checkConnection events
2025-06-09 13:10:51,704 [FATAL] Updater:351 - Updater called before beeing initialized
2025-06-09 13:10:51,704 [ERROR] CADModel:125 - Updater not yet initialized, retry later 
2025-06-09 13:10:51,707 [FATAL] Updater:351 - Updater called before beeing initialized
2025-06-09 13:10:51,793 [FATAL] Updater:351 - Updater called before beeing initialized
2025-06-09 13:10:51,804 [INFO] DbMcusAds:53 - JSON generation date=Wed May 07 16:07:55 ICT 2025 (1746608875484)
2025-06-09 13:10:51,805 [FATAL] Updater:351 - Updater called before beeing initialized
2025-06-09 13:10:51,874 [WARN] DetailPanel:346 - Failed to get advertising image, set to default
2025-06-09 13:10:52,055 [FATAL] Updater:351 - Updater called before beeing initialized
2025-06-09 13:10:52,060 [FATAL] Updater:351 - Updater called before beeing initialized
2025-06-09 13:10:52,061 [FATAL] Updater:351 - Updater called before beeing initialized
2025-06-09 13:10:52,061 [WARN] DetailPanel:346 - Failed to get advertising image, set to default
2025-06-09 13:10:52,062 [FATAL] Updater:351 - Updater called before beeing initialized
2025-06-09 13:10:52,124 [ERROR] Updater:1198 - MainUpdater not yet initialized. External WinMGr cannot be set.
2025-06-09 13:10:52,132 [INFO] Updater:1134 - Updater Version found : 6.14.1
2025-06-09 13:10:52,147 [INFO] ApplicationProperties:184 - Using Application install path: D:\Engineering\ST\STM32CubeIDE_1.18.1\STM32CubeIDE\plugins\com.st.stm32cube.common.mx_6.14.1.202504091515
2025-06-09 13:10:52,173 [INFO] ThirdPartyUpdaterWithRetryManager:70 - Updater plugin not ready yet. [2/15]
2025-06-09 13:10:53,723 [ERROR] LogOutputStream:75 - [STDERR_REDIRECT] Jun 09, 2025 1:10:53 PM java.util.prefs.WindowsPreferences <init>
2025-06-09 13:10:53,724 [ERROR] LogOutputStream:75 - [STDERR_REDIRECT] WARNING: Could not open/create prefs root node Software\JavaSoft\Prefs at root 0xffffffff80000002. Windows RegCreateKeyEx(...) returned error code 5.
2025-06-09 13:10:53,724 [ERROR] LogOutputStream:75 - [STDERR_REDIRECT] 
2025-06-09 13:10:54,015 [INFO] MainUpdater:2872 - connection check result : 10
2025-06-09 13:10:54,016 [INFO] MainUpdater:289 - Updater Check For Update Now.
2025-06-09 13:10:54,016 [INFO] MicroXplorer:498 - Change Database Version : DB.6.0.141
2025-06-09 13:10:54,042 [INFO] McuFinderGlobals:63 - Set McuFinder mode to 2 (CubeIDE integrated)
2025-06-09 13:10:54,048 [INFO] UserAuth:484 - Internet connection configuration mode: 1
2025-06-09 13:10:54,089 [INFO] JxBrowserEngine:152 - Initiate JxBrowser Engine with user profile folder
2025-06-09 13:10:54,208 [INFO] CheckServerUpdateThread:120 - End of CheckServer Thread
2025-06-09 13:10:55,246 [INFO] WebApp:169 - Instantiating new browser for Auth
2025-06-09 13:10:55,429 [WARN] PackLoader:240 - Cannot read IP mode file for STMicroelectronics.FP-SNS-MOTENVWB1.1.4.0
2025-06-09 13:10:55,448 [WARN] PackLoader:240 - Cannot read IP mode file for STMicroelectronics.FP-ATR-ASTRA1.2.0.2
2025-06-09 13:10:55,462 [WARN] PackLoader:240 - Cannot read IP mode file for STMicroelectronics.X-CUBE-SMBUS.2.1.0
2025-06-09 13:10:55,477 [WARN] PackLoader:240 - Cannot read IP mode file for STMicroelectronics.X-CUBE-ST60.1.0.0
2025-06-09 13:10:55,514 [WARN] PackLoader:240 - Cannot read IP mode file for STMicroelectronics.X-CUBE-AZRTOS-F7.1.1.0
2025-06-09 13:10:55,553 [WARN] PackLoader:240 - Cannot read IP mode file for Infineon.AIROC-Wi-Fi-Bluetooth-STM32.1.7.0
2025-06-09 13:10:55,575 [WARN] PackLoader:240 - Cannot read IP mode file for STMicroelectronics.X-CUBE-DISPLAY.3.0.0
2025-06-09 13:10:55,598 [WARN] PackLoader:240 - Cannot read IP mode file for STMicroelectronics.X-CUBE-NFC10.1.0.0
2025-06-09 13:10:55,614 [WARN] PackLoader:240 - Cannot read IP mode file for STMicroelectronics.X-CUBE-BLEMGR.4.0.0
2025-06-09 13:10:55,630 [WARN] PackLoader:240 - Cannot read IP mode file for emotas.I-CUBE-CANOPEN.1.3.0
2025-06-09 13:10:55,642 [WARN] ConditionMgr:438 - getConditionDescription Invalid condition id : Cortex-A Device cause : null
2025-06-09 13:10:55,669 [WARN] ConditionMgr:1044 - genDependencies : Invalid condition id : Cortex-A Device cause : null
2025-06-09 13:10:55,669 [WARN] ConditionMgr:1044 - genDependencies : Invalid condition id : Cortex-A Device cause : null
2025-06-09 13:10:55,669 [WARN] ConditionMgr:1044 - genDependencies : Invalid condition id : Cortex-A Device cause : null
2025-06-09 13:10:55,682 [WARN] PackLoader:240 - Cannot read IP mode file for STMicroelectronics.FP-SNS-SMARTAG2.1.2.0
2025-06-09 13:10:55,695 [WARN] PackLoader:240 - Cannot read IP mode file for STMicroelectronics.FP-SNS-FLIGHT1.5.1.0
2025-06-09 13:10:55,712 [INFO] LogOutputStream:77 - [STDOUT_REDIRECT] 1 : Invalid condition id : UX_CORESTACK_Condition cause : null
2025-06-09 13:10:55,714 [INFO] LogOutputStream:77 - [STDOUT_REDIRECT] 1 : Invalid condition id : UX_CORESTACK_Condition cause : null
2025-06-09 13:10:55,715 [INFO] LogOutputStream:77 - [STDOUT_REDIRECT] 1 : Invalid condition id : UX_CORESTACK_Condition cause : null
2025-06-09 13:10:55,716 [INFO] LogOutputStream:77 - [STDOUT_REDIRECT] 1 : Invalid condition id : UX_CORESTACK_Condition cause : null
2025-06-09 13:10:55,717 [INFO] LogOutputStream:77 - [STDOUT_REDIRECT] 1 : Invalid condition id : UX_CORESTACK_Condition cause : null
2025-06-09 13:10:55,719 [WARN] PackLoader:240 - Cannot read IP mode file for STMicroelectronics.X-CUBE-AZRTOS-WL.2.0.0
2025-06-09 13:10:55,744 [WARN] PackLoader:240 - Cannot read IP mode file for STMicroelectronics.FP-SNS-MOTENV1.5.0.0
2025-06-09 13:10:55,769 [WARN] PackLoader:240 - Cannot read IP mode file for WES.I-CUBE-Cesium.1.3.0
2025-06-09 13:10:55,785 [WARN] PackLoader:240 - Cannot read IP mode file for STMicroelectronics.X-CUBE-BLE2.3.3.0
2025-06-09 13:10:55,801 [WARN] PackLoader:240 - Cannot read IP mode file for STMicroelectronics.X-CUBE-NFC9.1.0.0
2025-06-09 13:10:55,814 [WARN] PackLoader:240 - Cannot read IP mode file for wolfSSL.I-CUBE-wolfSSL.5.8.0
2025-06-09 13:10:55,827 [WARN] PackLoader:240 - Cannot read IP mode file for STMicroelectronics.X-CUBE-BLE1.7.1.0
2025-06-09 13:10:55,838 [WARN] PackLoader:240 - Cannot read IP mode file for wolfSSL.I-CUBE-wolfMQTT.1.19.2
2025-06-09 13:10:55,850 [WARN] PackLoader:240 - Cannot read IP mode file for STMicroelectronics.X-CUBE-AI.10.1.0
2025-06-09 13:10:55,887 [WARN] PackLoader:240 - Cannot read IP mode file for STMicroelectronics.X-CUBE-MEMS1.11.2.0
2025-06-09 13:10:55,974 [WARN] PackLoader:240 - Cannot read IP mode file for STMicroelectronics.X-CUBE-AZRTOS-G0.1.1.0
2025-06-09 13:10:55,987 [WARN] PackLoader:240 - Cannot read IP mode file for STMicroelectronics.X-CUBE-SAFEA1.1.2.2
2025-06-09 13:10:56,002 [WARN] PackLoader:240 - Cannot read IP mode file for STMicroelectronics.X-CUBE-NFC4.3.0.0
2025-06-09 13:10:56,017 [WARN] PackLoader:240 - Cannot read IP mode file for EmbeddedOffice.I-CUBE-FS-RTOS.1.0.1
2025-06-09 13:10:56,036 [WARN] PackLoader:240 - Cannot read IP mode file for STMicroelectronics.X-CUBE-WB05N.2.0.0
2025-06-09 13:10:56,059 [WARN] PackLoader:240 - Cannot read IP mode file for wolfSSL.I-CUBE-wolfTPM.3.8.0
2025-06-09 13:10:56,101 [WARN] PackLoader:240 - Cannot read IP mode file for STMicroelectronics.X-CUBE-TCPP.4.2.0
2025-06-09 13:10:56,118 [WARN] PackLoader:240 - Cannot read IP mode file for RealThread.X-CUBE-RT-Thread_Nano.4.1.1
2025-06-09 13:10:56,134 [WARN] PackLoader:240 - Cannot read IP mode file for STMicroelectronics.FP-ATR-SIGFOX1.3.2.0
2025-06-09 13:10:56,156 [WARN] PackLoader:240 - Cannot read IP mode file for STMicroelectronics.X-CUBE-EEPRMA1.5.1.0
2025-06-09 13:10:56,177 [WARN] PackLoader:240 - Cannot read IP mode file for ITTIA_DB.I-CUBE-ITTIADB.8.9.0
2025-06-09 13:10:56,196 [WARN] PackLoader:240 - Cannot read IP mode file for STMicroelectronics.X-CUBE-ST67W61.1.0.0
2025-06-09 13:10:56,225 [WARN] PackLoader:240 - Cannot read IP mode file for SEGGER.I-CUBE-embOS.1.3.1
2025-06-09 13:10:56,253 [WARN] PackLoader:240 - Cannot read IP mode file for STMicroelectronics.X-CUBE-ALGOBUILD.1.4.0
2025-06-09 13:10:56,275 [WARN] PackLoader:240 - Cannot read IP mode file for STMicroelectronics.X-CUBE-AZRTOS-F4.1.1.0
2025-06-09 13:10:56,287 [WARN] PackLoader:240 - Cannot read IP mode file for Avnet-IotConnect.X-CUBE-IoTC-DA16k-PMOD.1.0.0
2025-06-09 13:10:56,298 [WARN] PackLoader:240 - Cannot read IP mode file for STMicroelectronics.X-CUBE-ISPU.2.1.0
2025-06-09 13:10:56,319 [WARN] PackLoader:240 - Cannot read IP mode file for STMicroelectronics.X-CUBE-AZRTOS-L5.2.0.0
2025-06-09 13:10:56,334 [WARN] PackLoader:240 - Cannot read IP mode file for STMicroelectronics.X-CUBE-NFC6.3.1.0
2025-06-09 13:10:56,347 [WARN] PackLoader:240 - Cannot read IP mode file for STMicroelectronics.X-CUBE-FREERTOS.1.3.1
2025-06-09 13:10:56,363 [WARN] PackLoader:240 - Cannot read IP mode file for STMicroelectronics.X-CUBE-DPower.1.3.0
2025-06-09 13:10:56,390 [WARN] ConditionMgr:438 - getConditionDescription Invalid condition id : LAN8742 Phy interface Condition cause : null
2025-06-09 13:10:56,391 [WARN] PackLoader:240 - Cannot read IP mode file for STMicroelectronics.X-CUBE-AZRTOS-L4.2.0.0
2025-06-09 13:10:56,392 [WARN] ConditionMgr:1044 - genDependencies : Invalid condition id : LAN8742 Phy interface Condition cause : null
2025-06-09 13:10:56,392 [WARN] ConditionMgr:1044 - genDependencies : Invalid condition id : LAN8742 Phy interface Condition cause : null
2025-06-09 13:10:56,393 [WARN] ConditionMgr:1044 - genDependencies : Invalid condition id : LAN8742 Phy interface Condition cause : null
2025-06-09 13:10:56,410 [WARN] PackLoader:240 - Cannot read IP mode file for STMicroelectronics.X-CUBE-SFXS2LP1.4.0.0
2025-06-09 13:10:56,436 [WARN] PackLoader:240 - Cannot read IP mode file for STMicroelectronics.X-CUBE-AZRTOS-H7.3.3.0
2025-06-09 13:10:56,460 [WARN] ConditionMgr:438 - getConditionDescription Invalid condition id : UX DEVICE CLASS RTOS Condition cause : null
2025-06-09 13:10:56,460 [WARN] ConditionMgr:438 - getConditionDescription Invalid condition id : UX DEVICE CLASS RTOS Condition cause : null
2025-06-09 13:10:56,462 [WARN] PackLoader:240 - Cannot read IP mode file for STMicroelectronics.X-CUBE-AZRTOS-WB.2.0.0
2025-06-09 13:10:56,462 [WARN] ConditionMgr:1044 - genDependencies : Invalid condition id : UX DEVICE CLASS RTOS Condition cause : null
2025-06-09 13:10:56,462 [WARN] ConditionMgr:1044 - genDependencies : Invalid condition id : UX DEVICE CLASS RTOS Condition cause : null
2025-06-09 13:10:56,462 [WARN] ConditionMgr:1044 - genDependencies : Invalid condition id : UX DEVICE CLASS RTOS Condition cause : null
2025-06-09 13:10:56,462 [WARN] ConditionMgr:1044 - genDependencies : Invalid condition id : UX DEVICE CLASS RTOS Condition cause : null
2025-06-09 13:10:56,463 [WARN] ConditionMgr:1044 - genDependencies : Invalid condition id : UX DEVICE CLASS RTOS Condition cause : null
2025-06-09 13:10:56,483 [WARN] PackLoader:240 - Cannot read IP mode file for STMicroelectronics.X-CUBE-GNSS1.7.0.1
2025-06-09 13:10:56,510 [WARN] PackLoader:240 - Cannot read IP mode file for STMicroelectronics.X-CUBE-TOUCHGFX.4.25.0
2025-06-09 13:10:56,533 [WARN] PackLoader:240 - Cannot read IP mode file for STMicroelectronics.FP-SNS-STBOX1.2.0.0
2025-06-09 13:10:56,551 [WARN] PackLoader:240 - Cannot read IP mode file for STMicroelectronics.X-CUBE-SUBG2.5.0.0
2025-06-09 13:10:56,577 [WARN] PackLoader:240 - Cannot read IP mode file for STMicroelectronics.X-CUBE-AZRTOS-H7RS.1.1.0
2025-06-09 13:10:56,593 [WARN] PackLoader:240 - Cannot read IP mode file for Cesanta.I-CUBE-Mongoose.7.13.0
2025-06-09 13:10:56,614 [WARN] PackLoader:240 - Cannot read IP mode file for STMicroelectronics.X-CUBE-AZRTOS-G4.2.0.0
2025-06-09 13:10:56,628 [WARN] PackLoader:240 - Cannot read IP mode file for wolfSSL.I-CUBE-wolfSSH.1.4.20
2025-06-09 13:10:56,641 [WARN] PackLoader:240 - Cannot read IP mode file for STMicroelectronics.X-CUBE-NFC7.2.0.0
2025-06-09 13:10:56,657 [WARN] PackLoader:240 - Cannot read IP mode file for STMicroelectronics.X-CUBE-IPS.3.1.0
2025-06-09 13:10:56,672 [WARN] PackLoader:240 - Cannot read IP mode file for STMicroelectronics.X-CUBE-ALS.1.0.2
2025-06-09 13:10:56,688 [WARN] PackLoader:240 - Cannot read IP mode file for portGmbH.I-Cube-SoM-uGOAL.1.1.0
2025-06-09 13:10:56,708 [WARN] PackLoader:240 - Cannot read IP mode file for STMicroelectronics.X-CUBE-TOF1.3.4.3
2025-06-09 13:10:56,712 [INFO] ThirdParty:978 - Integrity check success = true
2025-06-09 13:10:56,713 [INFO] IntegrityCheckThread:100 - exiting critical section [integrity check]
2025-06-09 13:10:56,713 [INFO] IntegrityCheckThread:103 - End integrity checks thread
2025-06-09 13:10:56,887 [INFO] WebApp:463 - Apply proxy settings
2025-06-09 13:10:56,887 [INFO] WebApp:548 - Chromium requires no authentication
2025-06-09 13:10:56,895 [INFO] WebApp:491 - Direct internet connection detected
2025-06-09 13:10:56,917 [INFO] WebApp:894 - Register for checkConnection events
2025-06-09 13:10:56,917 [INFO] WebApp:463 - Apply proxy settings
2025-06-09 13:10:56,917 [INFO] WebApp:548 - Chromium requires no authentication
2025-06-09 13:10:56,917 [INFO] WebApp:491 - Direct internet connection detected
2025-06-09 13:10:57,033 [INFO] WebApp:225 - Starting web application
2025-06-09 13:10:57,034 [INFO] WebApp:593 - Web application path used D:\Engineering\ST\STM32CubeIDE_1.18.1\STM32CubeIDE\plugins\com.st.stm32cube.common.mx_6.14.1.202504091515\db\plugins\mcufinder\reactClient1\index.html
2025-06-09 13:10:57,161 [INFO] UserAuth:484 - Internet connection configuration mode: 1
2025-06-09 13:10:57,173 [INFO] WebApp:191 - Connection restablished
2025-06-09 13:10:57,329 [ERROR] LogOutputStream:75 - [STDERR_REDIRECT] [Fatal Error] :1:1: Premature end of file.
2025-06-09 13:10:57,330 [ERROR] LogOutputStream:75 - [STDERR_REDIRECT] 
2025-06-09 13:10:58,232 [ERROR] LogOutputStream:75 - [STDERR_REDIRECT] [Fatal Error] :1:1: Premature end of file.
2025-06-09 13:10:58,232 [ERROR] LogOutputStream:75 - [STDERR_REDIRECT] 
2025-06-09 13:10:59,239 [ERROR] LogOutputStream:75 - [STDERR_REDIRECT] [Fatal Error] :1:1: Premature end of file.
2025-06-09 13:10:59,240 [ERROR] LogOutputStream:75 - [STDERR_REDIRECT] 
2025-06-09 13:11:00,216 [ERROR] LogOutputStream:75 - [STDERR_REDIRECT] [Fatal Error] :1:1: Premature end of file.
2025-06-09 13:11:00,216 [ERROR] LogOutputStream:75 - [STDERR_REDIRECT] 
2025-06-09 13:11:01,216 [ERROR] LogOutputStream:75 - [STDERR_REDIRECT] [Fatal Error] :1:1: Premature end of file.
2025-06-09 13:11:01,217 [ERROR] LogOutputStream:75 - [STDERR_REDIRECT] 
2025-06-09 13:11:02,217 [ERROR] LogOutputStream:75 - [STDERR_REDIRECT] [Fatal Error] :1:1: Premature end of file.
2025-06-09 13:11:02,218 [ERROR] LogOutputStream:75 - [STDERR_REDIRECT] 
2025-06-09 13:11:03,223 [ERROR] LogOutputStream:75 - [STDERR_REDIRECT] [Fatal Error] :1:1: Premature end of file.
2025-06-09 13:11:03,223 [ERROR] LogOutputStream:75 - [STDERR_REDIRECT] 
2025-06-09 13:11:04,216 [ERROR] LogOutputStream:75 - [STDERR_REDIRECT] [Fatal Error] :1:1: Premature end of file.
2025-06-09 13:11:04,216 [ERROR] LogOutputStream:75 - [STDERR_REDIRECT] 
2025-06-09 13:11:05,217 [ERROR] LogOutputStream:75 - [STDERR_REDIRECT] [Fatal Error] :1:1: Premature end of file.
2025-06-09 13:11:05,219 [ERROR] LogOutputStream:75 - [STDERR_REDIRECT] 
2025-06-09 13:11:06,230 [ERROR] LogOutputStream:75 - [STDERR_REDIRECT] [Fatal Error] :1:1: Premature end of file.
2025-06-09 13:11:06,231 [ERROR] LogOutputStream:75 - [STDERR_REDIRECT] 
2025-06-09 13:11:07,226 [ERROR] LogOutputStream:75 - [STDERR_REDIRECT] [Fatal Error] :1:1: Premature end of file.
2025-06-09 13:11:07,226 [ERROR] LogOutputStream:75 - [STDERR_REDIRECT] 
2025-06-09 13:11:08,216 [ERROR] LogOutputStream:75 - [STDERR_REDIRECT] [Fatal Error] :1:1: Premature end of file.
2025-06-09 13:11:08,216 [ERROR] LogOutputStream:75 - [STDERR_REDIRECT] 
2025-06-09 13:11:09,221 [ERROR] LogOutputStream:75 - [STDERR_REDIRECT] [Fatal Error] :1:1: Premature end of file.
2025-06-09 13:11:09,221 [ERROR] LogOutputStream:75 - [STDERR_REDIRECT] 
2025-06-09 13:11:10,230 [ERROR] LogOutputStream:75 - [STDERR_REDIRECT] [Fatal Error] :1:1: Premature end of file.
2025-06-09 13:11:10,231 [ERROR] LogOutputStream:75 - [STDERR_REDIRECT] 
2025-06-09 13:11:11,217 [ERROR] LogOutputStream:75 - [STDERR_REDIRECT] [Fatal Error] :1:1: Premature end of file.
2025-06-09 13:11:11,217 [ERROR] LogOutputStream:75 - [STDERR_REDIRECT] 
2025-06-09 13:11:12,217 [ERROR] LogOutputStream:75 - [STDERR_REDIRECT] [Fatal Error] :1:1: Premature end of file.
2025-06-09 13:11:12,217 [ERROR] LogOutputStream:75 - [STDERR_REDIRECT] 
2025-06-09 13:11:13,216 [ERROR] LogOutputStream:75 - [STDERR_REDIRECT] [Fatal Error] :1:1: Premature end of file.
2025-06-09 13:11:13,216 [ERROR] LogOutputStream:75 - [STDERR_REDIRECT] 
2025-06-09 13:11:14,217 [ERROR] LogOutputStream:75 - [STDERR_REDIRECT] [Fatal Error] :1:1: Premature end of file.
2025-06-09 13:11:14,217 [ERROR] LogOutputStream:75 - [STDERR_REDIRECT] 
2025-06-09 13:11:15,218 [ERROR] LogOutputStream:75 - [STDERR_REDIRECT] [Fatal Error] :1:1: Premature end of file.
2025-06-09 13:11:15,218 [ERROR] LogOutputStream:75 - [STDERR_REDIRECT] 
2025-06-09 13:11:16,221 [ERROR] LogOutputStream:75 - [STDERR_REDIRECT] [Fatal Error] :1:1: Premature end of file.
2025-06-09 13:11:16,221 [ERROR] LogOutputStream:75 - [STDERR_REDIRECT] 
2025-06-09 13:11:17,216 [ERROR] LogOutputStream:75 - [STDERR_REDIRECT] [Fatal Error] :1:1: Premature end of file.
2025-06-09 13:11:17,216 [ERROR] LogOutputStream:75 - [STDERR_REDIRECT] 
2025-06-09 13:11:18,218 [ERROR] LogOutputStream:75 - [STDERR_REDIRECT] [Fatal Error] :1:1: Premature end of file.
2025-06-09 13:11:18,219 [ERROR] LogOutputStream:75 - [STDERR_REDIRECT] 
2025-06-09 13:11:19,248 [ERROR] LogOutputStream:75 - [STDERR_REDIRECT] [Fatal Error] :1:1: Premature end of file.
2025-06-09 13:11:19,249 [ERROR] LogOutputStream:75 - [STDERR_REDIRECT] 
2025-06-09 13:11:19,987 [ERROR] LogOutputStream:75 - [STDERR_REDIRECT] 
2025-06-09 13:11:19,988 [ERROR] LogOutputStream:75 - [STDERR_REDIRECT] 
2025-06-09 13:11:27,085 [INFO] Activator:176 - 


2025-06-09 13:11:27,086 [INFO] Activator:177 - !SESSION log4j initialized
2025-06-09 13:11:29,546 [INFO] LogOutputStream:77 - [STDOUT_REDIRECT] 
2025-06-09 13:11:30,810 [INFO] ApplicationProperties:184 - Using Application install path: D:\Engineering\ST\STM32CubeIDE_1.18.1\STM32CubeIDE\plugins\com.st.stm32cube.common.mx_6.14.1.202504091515
2025-06-09 13:11:30,832 [INFO] DbMcusXml:78 - Set database path to: D:\Engineering\ST\STM32CubeIDE_1.18.1\STM32CubeIDE\plugins\com.st.stm32cube.common.mx_6.14.1.202504091515\\db\/mcu/
2025-06-09 13:11:30,833 [INFO] ApiDb:274 - Set plugin database path to: D:\Engineering\ST\STM32CubeIDE_1.18.1\STM32CubeIDE\plugins\com.st.stm32cube.common.mx_6.14.1.202504091515\\db\/plugins/boardmanager/
2025-06-09 13:11:30,833 [WARN] ApiDb:259 - Overriding images path with different value:  => D:\Engineering\ST\STM32CubeIDE_1.18.1\STM32CubeIDE\plugins\com.st.stm32cube.common.mx_6.14.1.202504091515\\db\/plugins/mcufinder/images/
2025-06-09 13:11:30,836 [INFO] ApiDb:250 - Set database path to: C:\Users\kyrio\.stmcufinder\plugins\mcufinder//mcu/
2025-06-09 13:11:30,837 [INFO] DbMcusAds:125 - Set database path to: C:\Users\kyrio\.stmcufinder\plugins\mcufinder//mcu/
2025-06-09 13:11:30,838 [INFO] CrossReferenceDbSqlite:203 - Set database path to: C:\Users\kyrio\.stmcufinder\plugins\mcufinder//mcu/cs/
2025-06-09 13:11:30,906 [INFO] RulesReader:64 - Compatibility file has been processed (302 Rules)
2025-06-09 13:11:30,973 [INFO] DbMcusXml:78 - Set database path to: D:\Engineering\ST\STM32CubeIDE_1.18.1\STM32CubeIDE\plugins\com.st.stm32cube.common.mx_6.14.1.202504091515\\db\/mcu/
2025-06-09 13:11:30,974 [INFO] ApiDb:274 - Set plugin database path to: D:\Engineering\ST\STM32CubeIDE_1.18.1\STM32CubeIDE\plugins\com.st.stm32cube.common.mx_6.14.1.202504091515\\db\/plugins/boardmanager/
2025-06-09 13:11:30,974 [INFO] ApiDb:261 - Set plugin images path to: D:\Engineering\ST\STM32CubeIDE_1.18.1\STM32CubeIDE\plugins\com.st.stm32cube.common.mx_6.14.1.202504091515\\db\/plugins/mcufinder/images/
2025-06-09 13:11:30,974 [WARN] DbFile:41 - Overriding database path with different value: C:\Users\kyrio\.stmcufinder\plugins\mcufinder/ => C:\Users\kyrio\.stmcufinder\plugins\mcufinder
2025-06-09 13:11:30,974 [INFO] ApiDb:250 - Set database path to: C:\Users\kyrio\.stmcufinder\plugins\mcufinder//mcu/
2025-06-09 13:11:30,974 [WARN] DbFile:41 - Overriding database path with different value: C:\Users\kyrio\.stmcufinder\plugins\mcufinder/ => C:\Users\kyrio\.stmcufinder\plugins\mcufinder
2025-06-09 13:11:30,974 [INFO] DbMcusAds:125 - Set database path to: C:\Users\kyrio\.stmcufinder\plugins\mcufinder//mcu/
2025-06-09 13:11:30,974 [WARN] DbFile:41 - Overriding database path with different value: C:\Users\kyrio\.stmcufinder\plugins\mcufinder/ => C:\Users\kyrio\.stmcufinder\plugins\mcufinder
2025-06-09 13:11:30,974 [WARN] DbFile:41 - Overriding database path with different value: C:\Users\kyrio\.stmcufinder\plugins\mcufinder/ => C:\Users\kyrio\.stmcufinder\plugins\mcufinder
2025-06-09 13:11:30,974 [INFO] CrossReferenceDbSqlite:203 - Set database path to: C:\Users\kyrio\.stmcufinder\plugins\mcufinder//mcu/cs/
2025-06-09 13:11:31,029 [INFO] MainPanel:272 - HeapMemory: 268435456
2025-06-09 13:11:31,093 [INFO] DbMcusXml:78 - Set database path to: D:\Engineering\ST\STM32CubeIDE_1.18.1\STM32CubeIDE\plugins\com.st.stm32cube.common.mx_6.14.1.202504091515\\db\/mcu/
2025-06-09 13:11:31,093 [INFO] ApiDb:274 - Set plugin database path to: D:\Engineering\ST\STM32CubeIDE_1.18.1\STM32CubeIDE\plugins\com.st.stm32cube.common.mx_6.14.1.202504091515\\db\/plugins/boardmanager/
2025-06-09 13:11:31,093 [INFO] ApiDb:261 - Set plugin images path to: D:\Engineering\ST\STM32CubeIDE_1.18.1\STM32CubeIDE\plugins\com.st.stm32cube.common.mx_6.14.1.202504091515\\db\/plugins/mcufinder/images/
2025-06-09 13:11:31,093 [WARN] DbFile:41 - Overriding database path with different value: C:\Users\kyrio\.stmcufinder\plugins\mcufinder/ => C:\Users\kyrio\.stmcufinder\plugins\mcufinder
2025-06-09 13:11:31,093 [INFO] ApiDb:250 - Set database path to: C:\Users\kyrio\.stmcufinder\plugins\mcufinder//mcu/
2025-06-09 13:11:31,093 [WARN] DbFile:41 - Overriding database path with different value: C:\Users\kyrio\.stmcufinder\plugins\mcufinder/ => C:\Users\kyrio\.stmcufinder\plugins\mcufinder
2025-06-09 13:11:31,093 [INFO] DbMcusAds:125 - Set database path to: C:\Users\kyrio\.stmcufinder\plugins\mcufinder//mcu/
2025-06-09 13:11:31,093 [WARN] DbFile:41 - Overriding database path with different value: C:\Users\kyrio\.stmcufinder\plugins\mcufinder/ => C:\Users\kyrio\.stmcufinder\plugins\mcufinder
2025-06-09 13:11:31,093 [WARN] DbFile:41 - Overriding database path with different value: C:\Users\kyrio\.stmcufinder\plugins\mcufinder/ => C:\Users\kyrio\.stmcufinder\plugins\mcufinder
2025-06-09 13:11:31,093 [INFO] CrossReferenceDbSqlite:203 - Set database path to: C:\Users\kyrio\.stmcufinder\plugins\mcufinder//mcu/cs/
2025-06-09 13:11:31,112 [INFO] ApplicationProperties:184 - Using Application install path: D:\Engineering\ST\STM32CubeIDE_1.18.1\STM32CubeIDE\plugins\com.st.stm32cube.common.mx_6.14.1.202504091515
2025-06-09 13:11:31,114 [INFO] PluginManage:196 - Search for loadable plugins [exclusion list=, ]
2025-06-09 13:11:31,115 [INFO] PluginManage:310 - Check plugin analytics
2025-06-09 13:11:31,278 [INFO] AnalyticsPlugin:253 - Accepted Software Licenses: STM32CubeMX.6.14.1
2025-06-09 13:11:31,278 [INFO] AnalyticsPlugin:255 - Accepted CMSIS Pack Licenses: 
2025-06-09 13:11:31,278 [INFO] AnalyticsPlugin:257 - Accepted Firmware Licenses: 
2025-06-09 13:11:31,281 [INFO] PluginManage:359 - Loaded plugin analytics (category:tool,tabindex:-1)
2025-06-09 13:11:31,282 [INFO] PluginManage:310 - Check plugin cadmodel
2025-06-09 13:11:31,285 [INFO] CADModel:105 - Init CAD model plugin
2025-06-09 13:11:31,285 [INFO] PluginManage:359 - Loaded plugin cadmodel (category:power,tabindex:5)
2025-06-09 13:11:31,285 [INFO] PluginManage:310 - Check plugin clock
2025-06-09 13:11:31,293 [INFO] PluginManage:359 - Loaded plugin clock (category:base,tabindex:2)
2025-06-09 13:11:31,293 [INFO] PluginManage:310 - Check plugin ddr
2025-06-09 13:11:31,295 [INFO] PluginManage:359 - Loaded plugin ddr (category:tool,tabindex:6)
2025-06-09 13:11:31,295 [INFO] PluginManage:310 - Check plugin filemanager
2025-06-09 13:11:31,464 [INFO] PluginManage:359 - Loaded plugin filemanager (category:base,tabindex:10)
2025-06-09 13:11:31,465 [INFO] PluginManage:310 - Check plugin ipmanager
2025-06-09 13:11:31,471 [INFO] PluginManage:359 - Loaded plugin ipmanager (category:base,tabindex:5)
2025-06-09 13:11:31,471 [INFO] PluginManage:310 - Check plugin lpbam
2025-06-09 13:11:31,480 [INFO] PluginManage:359 - Loaded plugin lpbam (category:base,tabindex:0)
2025-06-09 13:11:31,481 [INFO] PluginManage:310 - Check plugin memorymap
2025-06-09 13:11:31,493 [INFO] PluginManage:359 - Loaded plugin memorymap (category:base,tabindex:4)
2025-06-09 13:11:31,493 [INFO] PluginManage:310 - Check plugin pinoutandconfiguration
2025-06-09 13:11:31,498 [INFO] PluginManage:359 - Loaded plugin pinoutandconfiguration (category:base,tabindex:1)
2025-06-09 13:11:31,499 [INFO] PluginManage:310 - Check plugin pinoutconfig
2025-06-09 13:11:31,562 [WARN] SupportedApi:132 - Cannot load RTOS API schema: s4s-elt-must-match.1: The content of 'definitions' must match (annotation?, (simpleType | complexType)?, (unique | key | keyref)*)). A problem was found starting at: attribute.
2025-06-09 13:11:31,642 [INFO] PluginManage:359 - Loaded plugin pinoutconfig (category:base,tabindex:0)
2025-06-09 13:11:31,642 [INFO] PluginManage:310 - Check plugin power
2025-06-09 13:11:31,647 [INFO] PluginManage:359 - Loaded plugin power (category:power,tabindex:4)
2025-06-09 13:11:31,647 [INFO] PluginManage:310 - Check plugin projectmanager
2025-06-09 13:11:31,660 [INFO] PluginManage:359 - Loaded plugin projectmanager (category:projectmanager,tabindex:4)
2025-06-09 13:11:31,660 [INFO] PluginManage:310 - Check plugin rif
2025-06-09 13:11:31,665 [INFO] PluginManage:359 - Loaded plugin rif (category:base,tabindex:3)
2025-06-09 13:11:31,666 [INFO] PluginManage:310 - Check plugin thirdparty
2025-06-09 13:11:31,755 [INFO] PluginManage:359 - Loaded plugin thirdparty (category:base,tabindex:-1)
2025-06-09 13:11:31,755 [WARN] IntegrityCheckThread:84 - waiting for thirdparty lock release [integrity check]
2025-06-09 13:11:31,755 [INFO] PluginManage:310 - Check plugin tools
2025-06-09 13:11:31,755 [INFO] IntegrityCheckThread:86 - entering critical section [integrity check]
2025-06-09 13:11:31,756 [INFO] ThirdPartyUpdaterWithRetryManager:70 - Updater plugin not ready yet. [1/15]
2025-06-09 13:11:31,757 [INFO] PluginManage:359 - Loaded plugin tools (category:base,tabindex:7)
2025-06-09 13:11:31,757 [INFO] PluginManage:310 - Check plugin tutovideos
2025-06-09 13:11:31,874 [INFO] PluginManage:359 - Loaded plugin tutovideos (category:base,tabindex:-1)
2025-06-09 13:11:31,874 [INFO] PluginManage:310 - Check plugin updater
2025-06-09 13:11:31,887 [INFO] PluginManage:359 - Loaded plugin updater (category:base,tabindex:12)
2025-06-09 13:11:31,887 [INFO] PluginManage:310 - Check plugin userauth
2025-06-09 13:11:31,890 [INFO] UserAuth:118 - Init User Auth plugin
2025-06-09 13:11:31,891 [INFO] PluginManage:359 - Loaded plugin userauth (category:base,tabindex:14)
2025-06-09 13:11:31,891 [INFO] PluginManage:283 - PluginManage : Loaded plugins [18]
2025-06-09 13:11:32,031 [INFO] PinOutPanel:1589 - setPackage(No Configuration,No Configuration)
2025-06-09 13:11:32,095 [INFO] CADModel:165 - CPN selected for project level
2025-06-09 13:11:32,095 [INFO] CADModel:114 - Register for checkConnection events
2025-06-09 13:11:32,111 [INFO] IPUIPlugin:80 - create IPUIPlugin
2025-06-09 13:11:32,111 [INFO] PluginManager:220 - loadIPPluginJar : add adc
2025-06-09 13:11:32,115 [INFO] IPUIPlugin:80 - create IPUIPlugin
2025-06-09 13:11:32,115 [INFO] PluginManager:220 - loadIPPluginJar : add aes
2025-06-09 13:11:32,117 [INFO] IPUIPlugin:80 - create IPUIPlugin
2025-06-09 13:11:32,117 [INFO] PluginManager:220 - loadIPPluginJar : add can
2025-06-09 13:11:32,119 [INFO] IPUIPlugin:80 - create IPUIPlugin
2025-06-09 13:11:32,119 [INFO] PluginManager:220 - loadIPPluginJar : add comp
2025-06-09 13:11:32,122 [INFO] IPUIPlugin:80 - create IPUIPlugin
2025-06-09 13:11:32,122 [INFO] PluginManager:220 - loadIPPluginJar : add cryp
2025-06-09 13:11:32,126 [INFO] IPUIPlugin:80 - create IPUIPlugin
2025-06-09 13:11:32,127 [INFO] PluginManager:220 - loadIPPluginJar : add ddr_ctrl_phy
2025-06-09 13:11:32,130 [INFO] IPUIPlugin:80 - create IPUIPlugin
2025-06-09 13:11:32,130 [INFO] PluginManager:220 - loadIPPluginJar : add dfsdm
2025-06-09 13:11:32,136 [INFO] IPUIPlugin:80 - create IPUIPlugin
2025-06-09 13:11:32,136 [INFO] PluginManager:220 - loadIPPluginJar : add dma
2025-06-09 13:11:32,138 [INFO] IPUIPlugin:80 - create IPUIPlugin
2025-06-09 13:11:32,138 [INFO] PluginManager:220 - loadIPPluginJar : add dma3
2025-06-09 13:11:32,141 [INFO] IPUIPlugin:80 - create IPUIPlugin
2025-06-09 13:11:32,141 [INFO] PluginManager:220 - loadIPPluginJar : add extmemmanager
2025-06-09 13:11:32,142 [INFO] IPUIPlugin:80 - create IPUIPlugin
2025-06-09 13:11:32,142 [INFO] PluginManager:220 - loadIPPluginJar : add fatfs
2025-06-09 13:11:32,145 [INFO] IPUIPlugin:80 - create IPUIPlugin
2025-06-09 13:11:32,145 [INFO] PluginManager:220 - loadIPPluginJar : add fmc
2025-06-09 13:11:32,148 [INFO] IPUIPlugin:80 - create IPUIPlugin
2025-06-09 13:11:32,148 [INFO] PluginManager:220 - loadIPPluginJar : add freertos
2025-06-09 13:11:32,149 [INFO] IPUIPlugin:80 - create IPUIPlugin
2025-06-09 13:11:32,149 [INFO] PluginManager:220 - loadIPPluginJar : add genericplugin
2025-06-09 13:11:32,151 [INFO] IPUIPlugin:80 - create IPUIPlugin
2025-06-09 13:11:32,151 [INFO] PluginManager:220 - loadIPPluginJar : add gfxmmu
2025-06-09 13:11:32,155 [INFO] IPUIPlugin:80 - create IPUIPlugin
2025-06-09 13:11:32,155 [INFO] PluginManager:220 - loadIPPluginJar : add gic
2025-06-09 13:11:32,158 [INFO] IPUIPlugin:80 - create IPUIPlugin
2025-06-09 13:11:32,158 [INFO] PluginManager:220 - loadIPPluginJar : add gpio
2025-06-09 13:11:32,159 [INFO] IPUIPlugin:80 - create IPUIPlugin
2025-06-09 13:11:32,159 [INFO] PluginManager:220 - loadIPPluginJar : add gtzc
2025-06-09 13:11:32,161 [INFO] IPUIPlugin:80 - create IPUIPlugin
2025-06-09 13:11:32,161 [INFO] PluginManager:220 - loadIPPluginJar : add hash
2025-06-09 13:11:32,162 [INFO] IPUIPlugin:80 - create IPUIPlugin
2025-06-09 13:11:32,162 [INFO] PluginManager:220 - loadIPPluginJar : add i2c
2025-06-09 13:11:32,165 [INFO] IPUIPlugin:80 - create IPUIPlugin
2025-06-09 13:11:32,165 [INFO] PluginManager:220 - loadIPPluginJar : add i2s
2025-06-09 13:11:32,166 [INFO] IPUIPlugin:80 - create IPUIPlugin
2025-06-09 13:11:32,166 [INFO] PluginManager:220 - loadIPPluginJar : add i3c
2025-06-09 13:11:32,169 [INFO] IPUIPlugin:80 - create IPUIPlugin
2025-06-09 13:11:32,169 [INFO] PluginManager:220 - loadIPPluginJar : add ipddr
2025-06-09 13:11:32,174 [INFO] IPUIPlugin:80 - create IPUIPlugin
2025-06-09 13:11:32,175 [INFO] PluginManager:220 - loadIPPluginJar : add linkedlist
2025-06-09 13:11:32,176 [INFO] IPUIPlugin:80 - create IPUIPlugin
2025-06-09 13:11:32,177 [INFO] PluginManager:220 - loadIPPluginJar : add lorawan
2025-06-09 13:11:32,177 [INFO] IPUIPlugin:80 - create IPUIPlugin
2025-06-09 13:11:32,177 [INFO] PluginManager:220 - loadIPPluginJar : add ltdc
2025-06-09 13:11:32,181 [INFO] IPUIPlugin:80 - create IPUIPlugin
2025-06-09 13:11:32,181 [INFO] PluginManager:220 - loadIPPluginJar : add mdma
2025-06-09 13:11:32,183 [INFO] IPUIPlugin:80 - create IPUIPlugin
2025-06-09 13:11:32,183 [INFO] PluginManager:220 - loadIPPluginJar : add nvic
2025-06-09 13:11:32,185 [INFO] IPUIPlugin:80 - create IPUIPlugin
2025-06-09 13:11:32,185 [INFO] PluginManager:220 - loadIPPluginJar : add opamp
2025-06-09 13:11:32,186 [INFO] IPUIPlugin:80 - create IPUIPlugin
2025-06-09 13:11:32,186 [INFO] PluginManager:220 - loadIPPluginJar : add openamp
2025-06-09 13:11:32,188 [INFO] IPUIPlugin:80 - create IPUIPlugin
2025-06-09 13:11:32,188 [INFO] PluginManager:220 - loadIPPluginJar : add pdm2pcm
2025-06-09 13:11:32,192 [INFO] IPUIPlugin:80 - create IPUIPlugin
2025-06-09 13:11:32,194 [INFO] PluginManager:220 - loadIPPluginJar : add plateformsettings
2025-06-09 13:11:32,194 [INFO] IPUIPlugin:80 - create IPUIPlugin
2025-06-09 13:11:32,195 [INFO] PluginManager:220 - loadIPPluginJar : add quadspi
2025-06-09 13:11:32,195 [INFO] IPUIPlugin:80 - create IPUIPlugin
2025-06-09 13:11:32,196 [INFO] PluginManager:220 - loadIPPluginJar : add radio
2025-06-09 13:11:32,199 [INFO] IPUIPlugin:80 - create IPUIPlugin
2025-06-09 13:11:32,199 [INFO] PluginManager:220 - loadIPPluginJar : add resmgrutility
2025-06-09 13:11:32,201 [INFO] IPUIPlugin:80 - create IPUIPlugin
2025-06-09 13:11:32,201 [INFO] PluginManager:220 - loadIPPluginJar : add sai
2025-06-09 13:11:32,202 [INFO] IPUIPlugin:80 - create IPUIPlugin
2025-06-09 13:11:32,202 [INFO] PluginManager:220 - loadIPPluginJar : add spi
2025-06-09 13:11:32,207 [INFO] IPUIPlugin:80 - create IPUIPlugin
2025-06-09 13:11:32,207 [INFO] PluginManager:220 - loadIPPluginJar : add stm32_wpan
2025-06-09 13:11:32,208 [INFO] IPUIPlugin:80 - create IPUIPlugin
2025-06-09 13:11:32,209 [INFO] PluginManager:220 - loadIPPluginJar : add tim
2025-06-09 13:11:32,213 [INFO] IPUIPlugin:80 - create IPUIPlugin
2025-06-09 13:11:32,213 [INFO] PluginManager:220 - loadIPPluginJar : add touchsensing
2025-06-09 13:11:32,215 [INFO] IPUIPlugin:80 - create IPUIPlugin
2025-06-09 13:11:32,215 [INFO] PluginManager:220 - loadIPPluginJar : add tracer_emb
2025-06-09 13:11:32,216 [INFO] IPUIPlugin:80 - create IPUIPlugin
2025-06-09 13:11:32,217 [INFO] PluginManager:220 - loadIPPluginJar : add ts
2025-06-09 13:11:32,218 [INFO] IPUIPlugin:80 - create IPUIPlugin
2025-06-09 13:11:32,218 [INFO] PluginManager:220 - loadIPPluginJar : add tsc
2025-06-09 13:11:32,219 [INFO] IPUIPlugin:80 - create IPUIPlugin
2025-06-09 13:11:32,219 [INFO] PluginManager:220 - loadIPPluginJar : add ucpd
2025-06-09 13:11:32,221 [INFO] IPUIPlugin:80 - create IPUIPlugin
2025-06-09 13:11:32,221 [INFO] PluginManager:220 - loadIPPluginJar : add usart
2025-06-09 13:11:32,225 [INFO] IPUIPlugin:80 - create IPUIPlugin
2025-06-09 13:11:32,225 [INFO] PluginManager:220 - loadIPPluginJar : add usbx
2025-06-09 13:11:32,348 [FATAL] Updater:351 - Updater called before beeing initialized
2025-06-09 13:11:32,370 [INFO] RulesReader:64 - Compatibility file has been processed (302 Rules)
2025-06-09 13:11:32,379 [INFO] RulesReader:64 - Compatibility file has been processed (302 Rules)
2025-06-09 13:11:32,386 [INFO] CADModel:165 - CPN selected for project level
2025-06-09 13:11:32,386 [INFO] CADModel:114 - Register for checkConnection events
2025-06-09 13:11:32,386 [FATAL] Updater:351 - Updater called before beeing initialized
2025-06-09 13:11:32,387 [ERROR] CADModel:125 - Updater not yet initialized, retry later 
2025-06-09 13:11:32,518 [FATAL] Updater:351 - Updater called before beeing initialized
2025-06-09 13:11:32,519 [INFO] CADModel:165 - CPN selected for project level
2025-06-09 13:11:32,519 [INFO] CADModel:114 - Register for checkConnection events
2025-06-09 13:11:32,519 [FATAL] Updater:351 - Updater called before beeing initialized
2025-06-09 13:11:32,519 [ERROR] CADModel:125 - Updater not yet initialized, retry later 
2025-06-09 13:11:32,521 [FATAL] Updater:351 - Updater called before beeing initialized
2025-06-09 13:11:32,634 [FATAL] Updater:351 - Updater called before beeing initialized
2025-06-09 13:11:32,640 [INFO] DbMcusAds:53 - JSON generation date=Wed May 07 16:07:55 ICT 2025 (1746608875484)
2025-06-09 13:11:32,641 [FATAL] Updater:351 - Updater called before beeing initialized
2025-06-09 13:11:32,672 [WARN] DetailPanel:346 - Failed to get advertising image, set to default
2025-06-09 13:11:32,829 [FATAL] Updater:351 - Updater called before beeing initialized
2025-06-09 13:11:32,830 [FATAL] Updater:351 - Updater called before beeing initialized
2025-06-09 13:11:32,831 [FATAL] Updater:351 - Updater called before beeing initialized
2025-06-09 13:11:32,831 [WARN] DetailPanel:346 - Failed to get advertising image, set to default
2025-06-09 13:11:32,832 [FATAL] Updater:351 - Updater called before beeing initialized
2025-06-09 13:11:32,870 [ERROR] Updater:1198 - MainUpdater not yet initialized. External WinMGr cannot be set.
2025-06-09 13:11:32,871 [INFO] Updater:1134 - Updater Version found : 6.14.1
2025-06-09 13:11:32,885 [INFO] ApplicationProperties:184 - Using Application install path: D:\Engineering\ST\STM32CubeIDE_1.18.1\STM32CubeIDE\plugins\com.st.stm32cube.common.mx_6.14.1.202504091515
2025-06-09 13:11:34,452 [ERROR] LogOutputStream:75 - [STDERR_REDIRECT] Jun 09, 2025 1:11:34 PM java.util.prefs.WindowsPreferences <init>
2025-06-09 13:11:34,454 [ERROR] LogOutputStream:75 - [STDERR_REDIRECT] WARNING: Could not open/create prefs root node Software\JavaSoft\Prefs at root 0xffffffff80000002. Windows RegCreateKeyEx(...) returned error code 5.
2025-06-09 13:11:34,454 [ERROR] LogOutputStream:75 - [STDERR_REDIRECT] 
2025-06-09 13:11:34,748 [INFO] MainUpdater:2872 - connection check result : 10
2025-06-09 13:11:34,749 [INFO] MainUpdater:289 - Updater Check For Update Now.
2025-06-09 13:11:34,749 [INFO] MicroXplorer:498 - Change Database Version : DB.6.0.141
2025-06-09 13:11:34,756 [INFO] McuFinderGlobals:63 - Set McuFinder mode to 2 (CubeIDE integrated)
2025-06-09 13:11:34,757 [WARN] MainUpdater:1193 - Updater busy. Cannot search thirdparties
2025-06-09 13:11:34,757 [INFO] ThirdPartyUpdaterWithRetryManager:96 - Updater plugin is busy. [1/15]
2025-06-09 13:11:34,757 [INFO] UserAuth:484 - Internet connection configuration mode: 1
2025-06-09 13:11:34,798 [INFO] JxBrowserEngine:152 - Initiate JxBrowser Engine with user profile folder
2025-06-09 13:11:34,927 [INFO] CheckServerUpdateThread:120 - End of CheckServer Thread
2025-06-09 13:11:35,298 [INFO] WebApp:169 - Instantiating new browser for Auth
2025-06-09 13:11:35,817 [INFO] WebApp:463 - Apply proxy settings
2025-06-09 13:11:35,818 [INFO] WebApp:548 - Chromium requires no authentication
2025-06-09 13:11:35,828 [INFO] WebApp:491 - Direct internet connection detected
2025-06-09 13:11:35,849 [INFO] WebApp:894 - Register for checkConnection events
2025-06-09 13:11:35,849 [INFO] WebApp:463 - Apply proxy settings
2025-06-09 13:11:35,849 [INFO] WebApp:548 - Chromium requires no authentication
2025-06-09 13:11:35,850 [INFO] WebApp:491 - Direct internet connection detected
2025-06-09 13:11:35,977 [INFO] WebApp:225 - Starting web application
2025-06-09 13:11:35,977 [INFO] WebApp:593 - Web application path used D:\Engineering\ST\STM32CubeIDE_1.18.1\STM32CubeIDE\plugins\com.st.stm32cube.common.mx_6.14.1.202504091515\db\plugins\mcufinder\reactClient1\index.html
2025-06-09 13:11:36,036 [INFO] UserAuth:484 - Internet connection configuration mode: 1
2025-06-09 13:11:36,100 [ERROR] LogOutputStream:75 - [STDERR_REDIRECT] [Fatal Error] :1:1: Premature end of file.
2025-06-09 13:11:36,101 [ERROR] LogOutputStream:75 - [STDERR_REDIRECT] 
2025-06-09 13:11:36,322 [INFO] WebApp:191 - Connection restablished
2025-06-09 13:11:37,084 [ERROR] LogOutputStream:75 - [STDERR_REDIRECT] [Fatal Error] :1:1: Premature end of file.
2025-06-09 13:11:37,084 [ERROR] LogOutputStream:75 - [STDERR_REDIRECT] 
2025-06-09 13:11:37,969 [WARN] PackLoader:240 - Cannot read IP mode file for STMicroelectronics.FP-SNS-MOTENVWB1.1.4.0
2025-06-09 13:11:37,979 [WARN] PackLoader:240 - Cannot read IP mode file for STMicroelectronics.FP-ATR-ASTRA1.2.0.2
2025-06-09 13:11:37,988 [WARN] PackLoader:240 - Cannot read IP mode file for STMicroelectronics.X-CUBE-SMBUS.2.1.0
2025-06-09 13:11:37,995 [WARN] PackLoader:240 - Cannot read IP mode file for STMicroelectronics.X-CUBE-ST60.1.0.0
2025-06-09 13:11:38,026 [WARN] PackLoader:240 - Cannot read IP mode file for STMicroelectronics.X-CUBE-AZRTOS-F7.1.1.0
2025-06-09 13:11:38,053 [WARN] PackLoader:240 - Cannot read IP mode file for Infineon.AIROC-Wi-Fi-Bluetooth-STM32.1.7.0
2025-06-09 13:11:38,077 [WARN] PackLoader:240 - Cannot read IP mode file for STMicroelectronics.X-CUBE-DISPLAY.3.0.0
2025-06-09 13:11:38,093 [WARN] PackLoader:240 - Cannot read IP mode file for STMicroelectronics.X-CUBE-NFC10.1.0.0
2025-06-09 13:11:38,099 [ERROR] LogOutputStream:75 - [STDERR_REDIRECT] [Fatal Error] :1:1: Premature end of file.
2025-06-09 13:11:38,100 [ERROR] LogOutputStream:75 - [STDERR_REDIRECT] 
2025-06-09 13:11:38,108 [WARN] PackLoader:240 - Cannot read IP mode file for STMicroelectronics.X-CUBE-BLEMGR.4.0.0
2025-06-09 13:11:38,116 [WARN] PackLoader:240 - Cannot read IP mode file for emotas.I-CUBE-CANOPEN.1.3.0
2025-06-09 13:11:38,122 [WARN] ConditionMgr:438 - getConditionDescription Invalid condition id : Cortex-A Device cause : null
2025-06-09 13:11:38,141 [WARN] ConditionMgr:1044 - genDependencies : Invalid condition id : Cortex-A Device cause : null
2025-06-09 13:11:38,141 [WARN] ConditionMgr:1044 - genDependencies : Invalid condition id : Cortex-A Device cause : null
2025-06-09 13:11:38,141 [WARN] ConditionMgr:1044 - genDependencies : Invalid condition id : Cortex-A Device cause : null
2025-06-09 13:11:38,147 [WARN] PackLoader:240 - Cannot read IP mode file for STMicroelectronics.FP-SNS-SMARTAG2.1.2.0
2025-06-09 13:11:38,153 [WARN] PackLoader:240 - Cannot read IP mode file for STMicroelectronics.FP-SNS-FLIGHT1.5.1.0
2025-06-09 13:11:38,163 [INFO] LogOutputStream:77 - [STDOUT_REDIRECT] 1 : Invalid condition id : UX_CORESTACK_Condition cause : null
2025-06-09 13:11:38,165 [INFO] LogOutputStream:77 - [STDOUT_REDIRECT] 1 : Invalid condition id : UX_CORESTACK_Condition cause : null
2025-06-09 13:11:38,166 [INFO] LogOutputStream:77 - [STDOUT_REDIRECT] 1 : Invalid condition id : UX_CORESTACK_Condition cause : null
2025-06-09 13:11:38,168 [INFO] LogOutputStream:77 - [STDOUT_REDIRECT] 1 : Invalid condition id : UX_CORESTACK_Condition cause : null
2025-06-09 13:11:38,170 [INFO] LogOutputStream:77 - [STDOUT_REDIRECT] 1 : Invalid condition id : UX_CORESTACK_Condition cause : null
2025-06-09 13:11:38,174 [WARN] PackLoader:240 - Cannot read IP mode file for STMicroelectronics.X-CUBE-AZRTOS-WL.2.0.0
2025-06-09 13:11:38,178 [WARN] PackLoader:240 - Cannot read IP mode file for STMicroelectronics.FP-SNS-MOTENV1.5.0.0
2025-06-09 13:11:38,189 [WARN] PackLoader:240 - Cannot read IP mode file for WES.I-CUBE-Cesium.1.3.0
2025-06-09 13:11:38,197 [WARN] PackLoader:240 - Cannot read IP mode file for STMicroelectronics.X-CUBE-BLE2.3.3.0
2025-06-09 13:11:38,202 [WARN] PackLoader:240 - Cannot read IP mode file for STMicroelectronics.X-CUBE-NFC9.1.0.0
2025-06-09 13:11:38,210 [WARN] PackLoader:240 - Cannot read IP mode file for wolfSSL.I-CUBE-wolfSSL.5.8.0
2025-06-09 13:11:38,216 [WARN] PackLoader:240 - Cannot read IP mode file for STMicroelectronics.X-CUBE-BLE1.7.1.0
2025-06-09 13:11:38,219 [WARN] PackLoader:240 - Cannot read IP mode file for wolfSSL.I-CUBE-wolfMQTT.1.19.2
2025-06-09 13:11:38,222 [WARN] PackLoader:240 - Cannot read IP mode file for STMicroelectronics.X-CUBE-AI.10.1.0
2025-06-09 13:11:38,264 [WARN] PackLoader:240 - Cannot read IP mode file for STMicroelectronics.X-CUBE-MEMS1.11.2.0
2025-06-09 13:11:38,408 [WARN] PackLoader:240 - Cannot read IP mode file for STMicroelectronics.X-CUBE-AZRTOS-G0.1.1.0
2025-06-09 13:11:38,418 [WARN] PackLoader:240 - Cannot read IP mode file for STMicroelectronics.X-CUBE-SAFEA1.1.2.2
2025-06-09 13:11:38,449 [WARN] PackLoader:240 - Cannot read IP mode file for STMicroelectronics.X-CUBE-NFC4.3.0.0
2025-06-09 13:11:38,461 [WARN] PackLoader:240 - Cannot read IP mode file for EmbeddedOffice.I-CUBE-FS-RTOS.1.0.1
2025-06-09 13:11:38,468 [WARN] PackLoader:240 - Cannot read IP mode file for STMicroelectronics.X-CUBE-WB05N.2.0.0
2025-06-09 13:11:38,472 [WARN] PackLoader:240 - Cannot read IP mode file for wolfSSL.I-CUBE-wolfTPM.3.8.0
2025-06-09 13:11:38,478 [WARN] PackLoader:240 - Cannot read IP mode file for STMicroelectronics.X-CUBE-TCPP.4.2.0
2025-06-09 13:11:38,485 [WARN] PackLoader:240 - Cannot read IP mode file for RealThread.X-CUBE-RT-Thread_Nano.4.1.1
2025-06-09 13:11:38,490 [WARN] PackLoader:240 - Cannot read IP mode file for STMicroelectronics.FP-ATR-SIGFOX1.3.2.0
2025-06-09 13:11:38,494 [WARN] PackLoader:240 - Cannot read IP mode file for STMicroelectronics.X-CUBE-EEPRMA1.5.1.0
2025-06-09 13:11:38,500 [WARN] PackLoader:240 - Cannot read IP mode file for ITTIA_DB.I-CUBE-ITTIADB.8.9.0
2025-06-09 13:11:38,509 [WARN] PackLoader:240 - Cannot read IP mode file for STMicroelectronics.X-CUBE-ST67W61.1.0.0
2025-06-09 13:11:38,523 [WARN] PackLoader:240 - Cannot read IP mode file for SEGGER.I-CUBE-embOS.1.3.1
2025-06-09 13:11:38,563 [WARN] PackLoader:240 - Cannot read IP mode file for STMicroelectronics.X-CUBE-ALGOBUILD.1.4.0
2025-06-09 13:11:38,572 [WARN] PackLoader:240 - Cannot read IP mode file for STMicroelectronics.X-CUBE-AZRTOS-F4.1.1.0
2025-06-09 13:11:38,576 [WARN] PackLoader:240 - Cannot read IP mode file for Avnet-IotConnect.X-CUBE-IoTC-DA16k-PMOD.1.0.0
2025-06-09 13:11:38,579 [WARN] PackLoader:240 - Cannot read IP mode file for STMicroelectronics.X-CUBE-ISPU.2.1.0
2025-06-09 13:11:38,593 [WARN] PackLoader:240 - Cannot read IP mode file for STMicroelectronics.X-CUBE-AZRTOS-L5.2.0.0
2025-06-09 13:11:38,599 [WARN] PackLoader:240 - Cannot read IP mode file for STMicroelectronics.X-CUBE-NFC6.3.1.0
2025-06-09 13:11:38,608 [WARN] PackLoader:240 - Cannot read IP mode file for STMicroelectronics.X-CUBE-FREERTOS.1.3.1
2025-06-09 13:11:38,613 [WARN] PackLoader:240 - Cannot read IP mode file for STMicroelectronics.X-CUBE-DPower.1.3.0
2025-06-09 13:11:38,621 [WARN] ConditionMgr:438 - getConditionDescription Invalid condition id : LAN8742 Phy interface Condition cause : null
2025-06-09 13:11:38,622 [WARN] PackLoader:240 - Cannot read IP mode file for STMicroelectronics.X-CUBE-AZRTOS-L4.2.0.0
2025-06-09 13:11:38,622 [WARN] ConditionMgr:1044 - genDependencies : Invalid condition id : LAN8742 Phy interface Condition cause : null
2025-06-09 13:11:38,622 [WARN] ConditionMgr:1044 - genDependencies : Invalid condition id : LAN8742 Phy interface Condition cause : null
2025-06-09 13:11:38,623 [WARN] ConditionMgr:1044 - genDependencies : Invalid condition id : LAN8742 Phy interface Condition cause : null
2025-06-09 13:11:38,629 [WARN] PackLoader:240 - Cannot read IP mode file for STMicroelectronics.X-CUBE-SFXS2LP1.4.0.0
2025-06-09 13:11:38,645 [WARN] PackLoader:240 - Cannot read IP mode file for STMicroelectronics.X-CUBE-AZRTOS-H7.3.3.0
2025-06-09 13:11:38,657 [WARN] ConditionMgr:438 - getConditionDescription Invalid condition id : UX DEVICE CLASS RTOS Condition cause : null
2025-06-09 13:11:38,658 [WARN] ConditionMgr:438 - getConditionDescription Invalid condition id : UX DEVICE CLASS RTOS Condition cause : null
2025-06-09 13:11:38,659 [WARN] PackLoader:240 - Cannot read IP mode file for STMicroelectronics.X-CUBE-AZRTOS-WB.2.0.0
2025-06-09 13:11:38,659 [WARN] ConditionMgr:1044 - genDependencies : Invalid condition id : UX DEVICE CLASS RTOS Condition cause : null
2025-06-09 13:11:38,660 [WARN] ConditionMgr:1044 - genDependencies : Invalid condition id : UX DEVICE CLASS RTOS Condition cause : null
2025-06-09 13:11:38,660 [WARN] ConditionMgr:1044 - genDependencies : Invalid condition id : UX DEVICE CLASS RTOS Condition cause : null
2025-06-09 13:11:38,660 [WARN] ConditionMgr:1044 - genDependencies : Invalid condition id : UX DEVICE CLASS RTOS Condition cause : null
2025-06-09 13:11:38,660 [WARN] ConditionMgr:1044 - genDependencies : Invalid condition id : UX DEVICE CLASS RTOS Condition cause : null
2025-06-09 13:11:38,665 [WARN] PackLoader:240 - Cannot read IP mode file for STMicroelectronics.X-CUBE-GNSS1.7.0.1
2025-06-09 13:11:38,672 [WARN] PackLoader:240 - Cannot read IP mode file for STMicroelectronics.X-CUBE-TOUCHGFX.4.25.0
2025-06-09 13:11:38,678 [WARN] PackLoader:240 - Cannot read IP mode file for STMicroelectronics.FP-SNS-STBOX1.2.0.0
2025-06-09 13:11:38,688 [WARN] PackLoader:240 - Cannot read IP mode file for STMicroelectronics.X-CUBE-SUBG2.5.0.0
2025-06-09 13:11:38,704 [WARN] PackLoader:240 - Cannot read IP mode file for STMicroelectronics.X-CUBE-AZRTOS-H7RS.1.1.0
2025-06-09 13:11:38,708 [WARN] PackLoader:240 - Cannot read IP mode file for Cesanta.I-CUBE-Mongoose.7.13.0
2025-06-09 13:11:38,716 [WARN] PackLoader:240 - Cannot read IP mode file for STMicroelectronics.X-CUBE-AZRTOS-G4.2.0.0
2025-06-09 13:11:38,723 [WARN] PackLoader:240 - Cannot read IP mode file for wolfSSL.I-CUBE-wolfSSH.1.4.20
2025-06-09 13:11:38,728 [WARN] PackLoader:240 - Cannot read IP mode file for STMicroelectronics.X-CUBE-NFC7.2.0.0
2025-06-09 13:11:38,736 [WARN] PackLoader:240 - Cannot read IP mode file for STMicroelectronics.X-CUBE-IPS.3.1.0
2025-06-09 13:11:38,744 [WARN] PackLoader:240 - Cannot read IP mode file for STMicroelectronics.X-CUBE-ALS.1.0.2
2025-06-09 13:11:38,751 [WARN] PackLoader:240 - Cannot read IP mode file for portGmbH.I-Cube-SoM-uGOAL.1.1.0
2025-06-09 13:11:38,757 [WARN] PackLoader:240 - Cannot read IP mode file for STMicroelectronics.X-CUBE-TOF1.3.4.3
2025-06-09 13:11:38,763 [INFO] ThirdParty:978 - Integrity check success = true
2025-06-09 13:11:38,764 [INFO] IntegrityCheckThread:100 - exiting critical section [integrity check]
2025-06-09 13:11:38,764 [INFO] IntegrityCheckThread:103 - End integrity checks thread
2025-06-09 13:11:39,090 [ERROR] LogOutputStream:75 - [STDERR_REDIRECT] [Fatal Error] :1:1: Premature end of file.
2025-06-09 13:11:39,090 [ERROR] LogOutputStream:75 - [STDERR_REDIRECT] 
2025-06-09 13:11:40,092 [ERROR] LogOutputStream:75 - [STDERR_REDIRECT] [Fatal Error] :1:1: Premature end of file.
2025-06-09 13:11:40,092 [ERROR] LogOutputStream:75 - [STDERR_REDIRECT] 
2025-06-09 13:11:41,083 [ERROR] LogOutputStream:75 - [STDERR_REDIRECT] [Fatal Error] :1:1: Premature end of file.
2025-06-09 13:11:41,083 [ERROR] LogOutputStream:75 - [STDERR_REDIRECT] 
2025-06-09 13:11:42,087 [ERROR] LogOutputStream:75 - [STDERR_REDIRECT] [Fatal Error] :1:1: Premature end of file.
2025-06-09 13:11:42,087 [ERROR] LogOutputStream:75 - [STDERR_REDIRECT] 
2025-06-09 13:11:43,082 [ERROR] LogOutputStream:75 - [STDERR_REDIRECT] [Fatal Error] :1:1: Premature end of file.
2025-06-09 13:11:43,082 [ERROR] LogOutputStream:75 - [STDERR_REDIRECT] 
2025-06-09 13:11:44,084 [ERROR] LogOutputStream:75 - [STDERR_REDIRECT] [Fatal Error] :1:1: Premature end of file.
2025-06-09 13:11:44,084 [ERROR] LogOutputStream:75 - [STDERR_REDIRECT] 
2025-06-09 13:11:45,084 [ERROR] LogOutputStream:75 - [STDERR_REDIRECT] [Fatal Error] :1:1: Premature end of file.
2025-06-09 13:11:45,084 [ERROR] LogOutputStream:75 - [STDERR_REDIRECT] 
2025-06-09 13:11:46,082 [ERROR] LogOutputStream:75 - [STDERR_REDIRECT] [Fatal Error] :1:1: Premature end of file.
2025-06-09 13:11:46,082 [ERROR] LogOutputStream:75 - [STDERR_REDIRECT] 
2025-06-09 13:11:47,081 [ERROR] LogOutputStream:75 - [STDERR_REDIRECT] [Fatal Error] :1:1: Premature end of file.
2025-06-09 13:11:47,081 [ERROR] LogOutputStream:75 - [STDERR_REDIRECT] 
2025-06-09 13:11:48,083 [ERROR] LogOutputStream:75 - [STDERR_REDIRECT] [Fatal Error] :1:1: Premature end of file.
2025-06-09 13:11:48,083 [ERROR] LogOutputStream:75 - [STDERR_REDIRECT] 
2025-06-09 13:11:49,083 [ERROR] LogOutputStream:75 - [STDERR_REDIRECT] [Fatal Error] :1:1: Premature end of file.
2025-06-09 13:11:49,084 [ERROR] LogOutputStream:75 - [STDERR_REDIRECT] 
2025-06-09 13:11:50,090 [ERROR] LogOutputStream:75 - [STDERR_REDIRECT] [Fatal Error] :1:1: Premature end of file.
2025-06-09 13:11:50,090 [ERROR] LogOutputStream:75 - [STDERR_REDIRECT] 
2025-06-09 13:11:51,080 [ERROR] LogOutputStream:75 - [STDERR_REDIRECT] [Fatal Error] :1:1: Premature end of file.
2025-06-09 13:11:51,082 [ERROR] LogOutputStream:75 - [STDERR_REDIRECT] 
2025-06-09 13:11:52,081 [ERROR] LogOutputStream:75 - [STDERR_REDIRECT] [Fatal Error] :1:1: Premature end of file.
2025-06-09 13:11:52,081 [ERROR] LogOutputStream:75 - [STDERR_REDIRECT] 
2025-06-09 13:11:53,082 [ERROR] LogOutputStream:75 - [STDERR_REDIRECT] [Fatal Error] :1:1: Premature end of file.
2025-06-09 13:11:53,082 [ERROR] LogOutputStream:75 - [STDERR_REDIRECT] 
2025-06-09 13:11:54,083 [ERROR] LogOutputStream:75 - [STDERR_REDIRECT] [Fatal Error] :1:1: Premature end of file.
2025-06-09 13:11:54,083 [ERROR] LogOutputStream:75 - [STDERR_REDIRECT] 
2025-06-09 13:11:55,081 [ERROR] LogOutputStream:75 - [STDERR_REDIRECT] [Fatal Error] :1:1: Premature end of file.
2025-06-09 13:11:55,081 [ERROR] LogOutputStream:75 - [STDERR_REDIRECT] 
2025-06-09 13:11:56,087 [ERROR] LogOutputStream:75 - [STDERR_REDIRECT] [Fatal Error] :1:1: Premature end of file.
2025-06-09 13:11:56,087 [ERROR] LogOutputStream:75 - [STDERR_REDIRECT] 
2025-06-09 13:11:57,083 [ERROR] LogOutputStream:75 - [STDERR_REDIRECT] [Fatal Error] :1:1: Premature end of file.
2025-06-09 13:11:57,083 [ERROR] LogOutputStream:75 - [STDERR_REDIRECT] 
2025-06-09 13:11:58,086 [ERROR] LogOutputStream:75 - [STDERR_REDIRECT] [Fatal Error] :1:1: Premature end of file.
2025-06-09 13:11:58,087 [ERROR] LogOutputStream:75 - [STDERR_REDIRECT] 
2025-06-09 13:11:59,083 [ERROR] LogOutputStream:75 - [STDERR_REDIRECT] [Fatal Error] :1:1: Premature end of file.
2025-06-09 13:11:59,083 [ERROR] LogOutputStream:75 - [STDERR_REDIRECT] 
2025-06-09 13:12:00,080 [ERROR] LogOutputStream:75 - [STDERR_REDIRECT] [Fatal Error] :1:1: Premature end of file.
2025-06-09 13:12:00,080 [ERROR] LogOutputStream:75 - [STDERR_REDIRECT] 
2025-06-09 13:12:01,081 [ERROR] LogOutputStream:75 - [STDERR_REDIRECT] [Fatal Error] :1:1: Premature end of file.
2025-06-09 13:12:01,081 [ERROR] LogOutputStream:75 - [STDERR_REDIRECT] 
2025-06-09 13:12:02,100 [ERROR] LogOutputStream:75 - [STDERR_REDIRECT] [Fatal Error] :1:1: Premature end of file.
2025-06-09 13:12:02,100 [ERROR] LogOutputStream:75 - [STDERR_REDIRECT] 
2025-06-09 13:12:02,381 [ERROR] LogOutputStream:75 - [STDERR_REDIRECT] 
2025-06-09 13:12:02,382 [ERROR] LogOutputStream:75 - [STDERR_REDIRECT] 
